{"/home/runner/workspace/expo-env.d.ts": {"path":"/home/runner/workspace/expo-env.d.ts","statementMap":{},"fnMap":{},"branchMap":{},"s":{},"f":{},"b":{}}
,"/home/runner/workspace/.expo/types/router.d.ts": {"path":"/home/runner/workspace/.expo/types/router.d.ts","statementMap":{},"fnMap":{},"branchMap":{},"s":{},"f":{},"b":{}}
,"/home/runner/workspace/app/+not-found.tsx": {"path":"/home/runner/workspace/app/+not-found.tsx","statementMap":{"0":{"start":{"line":5,"column":2},"end":{"line":15,"column":4}},"1":{"start":{"line":18,"column":15},"end":{"line":33,"column":2}}},"fnMap":{"0":{"name":"NotFoundScreen","decl":{"start":{"line":4,"column":24},"end":{"line":4,"column":38}},"loc":{"start":{"line":4,"column":41},"end":{"line":16,"column":1}},"line":4}},"branchMap":{},"s":{"0":0,"1":0},"f":{"0":0},"b":{}}
,"/home/runner/workspace/app/_layout.tsx": {"path":"/home/runner/workspace/app/_layout.tsx","statementMap":{"0":{"start":{"line":22,"column":0},"end":{"line":22,"column":36}},"1":{"start":{"line":25,"column":18},"end":{"line":25,"column":37}},"2":{"start":{"line":26,"column":35},"end":{"line":31,"column":4}},"3":{"start":{"line":33,"column":2},"end":{"line":35,"column":3}},"4":{"start":{"line":34,"column":4},"end":{"line":34,"column":16}},"5":{"start":{"line":37,"column":2},"end":{"line":42,"column":31}},"6":{"start":{"line":38,"column":4},"end":{"line":41,"column":5}},"7":{"start":{"line":40,"column":6},"end":{"line":40,"column":31}},"8":{"start":{"line":45,"column":2},"end":{"line":47,"column":3}},"9":{"start":{"line":46,"column":4},"end":{"line":46,"column":16}},"10":{"start":{"line":49,"column":2},"end":{"line":64,"column":4}}},"fnMap":{"0":{"name":"RootLayout","decl":{"start":{"line":24,"column":24},"end":{"line":24,"column":34}},"loc":{"start":{"line":24,"column":37},"end":{"line":65,"column":1}},"line":24},"1":{"name":"(anonymous_1)","decl":{"start":{"line":37,"column":12},"end":{"line":37,"column":13}},"loc":{"start":{"line":37,"column":18},"end":{"line":42,"column":3}},"line":37}},"branchMap":{"0":{"loc":{"start":{"line":33,"column":2},"end":{"line":35,"column":3}},"type":"if","locations":[{"start":{"line":33,"column":2},"end":{"line":35,"column":3}},{"start":{},"end":{}}],"line":33},"1":{"loc":{"start":{"line":33,"column":6},"end":{"line":33,"column":30}},"type":"binary-expr","locations":[{"start":{"line":33,"column":6},"end":{"line":33,"column":14}},{"start":{"line":33,"column":18},"end":{"line":33,"column":30}}],"line":33},"2":{"loc":{"start":{"line":38,"column":4},"end":{"line":41,"column":5}},"type":"if","locations":[{"start":{"line":38,"column":4},"end":{"line":41,"column":5}},{"start":{},"end":{}}],"line":38},"3":{"loc":{"start":{"line":38,"column":8},"end":{"line":38,"column":32}},"type":"binary-expr","locations":[{"start":{"line":38,"column":8},"end":{"line":38,"column":19}},{"start":{"line":38,"column":23},"end":{"line":38,"column":32}}],"line":38},"4":{"loc":{"start":{"line":45,"column":2},"end":{"line":47,"column":3}},"type":"if","locations":[{"start":{"line":45,"column":2},"end":{"line":47,"column":3}},{"start":{},"end":{}}],"line":45},"5":{"loc":{"start":{"line":45,"column":6},"end":{"line":45,"column":32}},"type":"binary-expr","locations":[{"start":{"line":45,"column":6},"end":{"line":45,"column":18}},{"start":{"line":45,"column":22},"end":{"line":45,"column":32}}],"line":45}},"s":{"0":1,"1":3,"2":3,"3":3,"4":3,"5":0,"6":0,"7":0,"8":0,"9":0,"10":0},"f":{"0":3,"1":0},"b":{"0":[3,0],"1":[3,0],"2":[0,0],"3":[0,0],"4":[0,0],"5":[0,0]},"_coverageSchema":"1a1c01bbd47fc00a2c39e90264f33305004495a9","hash":"8255b7ecbc0027add7f4e7d536fe9e7c16deed1f"}
,"/home/runner/workspace/app/(auth)/_layout.tsx": {"path":"/home/runner/workspace/app/(auth)/_layout.tsx","statementMap":{"0":{"start":{"line":5,"column":21},"end":{"line":5,"column":31}},"1":{"start":{"line":7,"column":2},"end":{"line":17,"column":4}}},"fnMap":{"0":{"name":"AuthLayout","decl":{"start":{"line":4,"column":24},"end":{"line":4,"column":34}},"loc":{"start":{"line":4,"column":37},"end":{"line":18,"column":1}},"line":4}},"branchMap":{},"s":{"0":1,"1":1},"f":{"0":1},"b":{},"_coverageSchema":"1a1c01bbd47fc00a2c39e90264f33305004495a9","hash":"b43b73e12c3f0f95e9e2a6c98efc24185019474d"}
,"/home/runner/workspace/app/(auth)/login.tsx": {"path":"/home/runner/workspace/app/(auth)/login.tsx","statementMap":{"0":{"start":{"line":10,"column":21},"end":{"line":10,"column":31}},"1":{"start":{"line":11,"column":20},"end":{"line":11,"column":29}},"2":{"start":{"line":12,"column":28},"end":{"line":12,"column":40}},"3":{"start":{"line":13,"column":34},"end":{"line":13,"column":46}},"4":{"start":{"line":14,"column":28},"end":{"line":14,"column":40}},"5":{"start":{"line":15,"column":32},"end":{"line":15,"column":47}},"6":{"start":{"line":17,"column":24},"end":{"line":19,"column":3}},"7":{"start":{"line":18,"column":4},"end":{"line":18,"column":52}},"8":{"start":{"line":21,"column":22},"end":{"line":48,"column":3}},"9":{"start":{"line":22,"column":4},"end":{"line":25,"column":5}},"10":{"start":{"line":23,"column":6},"end":{"line":23,"column":44}},"11":{"start":{"line":24,"column":6},"end":{"line":24,"column":13}},"12":{"start":{"line":27,"column":4},"end":{"line":30,"column":5}},"13":{"start":{"line":28,"column":6},"end":{"line":28,"column":53}},"14":{"start":{"line":29,"column":6},"end":{"line":29,"column":13}},"15":{"start":{"line":32,"column":4},"end":{"line":35,"column":5}},"16":{"start":{"line":33,"column":6},"end":{"line":33,"column":57}},"17":{"start":{"line":34,"column":6},"end":{"line":34,"column":13}},"18":{"start":{"line":37,"column":4},"end":{"line":37,"column":17}},"19":{"start":{"line":38,"column":4},"end":{"line":38,"column":21}},"20":{"start":{"line":40,"column":4},"end":{"line":47,"column":5}},"21":{"start":{"line":41,"column":6},"end":{"line":41,"column":35}},"22":{"start":{"line":42,"column":6},"end":{"line":42,"column":32}},"23":{"start":{"line":44,"column":6},"end":{"line":44,"column":44}},"24":{"start":{"line":46,"column":6},"end":{"line":46,"column":24}},"25":{"start":{"line":50,"column":2},"end":{"line":118,"column":4}},"26":{"start":{"line":109,"column":45},"end":{"line":109,"column":67}},"27":{"start":{"line":121,"column":15},"end":{"line":200,"column":2}}},"fnMap":{"0":{"name":"LoginScreen","decl":{"start":{"line":9,"column":24},"end":{"line":9,"column":35}},"loc":{"start":{"line":9,"column":38},"end":{"line":119,"column":1}},"line":9},"1":{"name":"(anonymous_1)","decl":{"start":{"line":17,"column":24},"end":{"line":17,"column":25}},"loc":{"start":{"line":17,"column":43},"end":{"line":19,"column":3}},"line":17},"2":{"name":"(anonymous_2)","decl":{"start":{"line":21,"column":22},"end":{"line":21,"column":23}},"loc":{"start":{"line":21,"column":34},"end":{"line":48,"column":3}},"line":21},"3":{"name":"(anonymous_3)","decl":{"start":{"line":109,"column":39},"end":{"line":109,"column":40}},"loc":{"start":{"line":109,"column":45},"end":{"line":109,"column":67}},"line":109}},"branchMap":{"0":{"loc":{"start":{"line":22,"column":4},"end":{"line":25,"column":5}},"type":"if","locations":[{"start":{"line":22,"column":4},"end":{"line":25,"column":5}},{"start":{},"end":{}}],"line":22},"1":{"loc":{"start":{"line":22,"column":8},"end":{"line":22,"column":27}},"type":"binary-expr","locations":[{"start":{"line":22,"column":8},"end":{"line":22,"column":14}},{"start":{"line":22,"column":18},"end":{"line":22,"column":27}}],"line":22},"2":{"loc":{"start":{"line":27,"column":4},"end":{"line":30,"column":5}},"type":"if","locations":[{"start":{"line":27,"column":4},"end":{"line":30,"column":5}},{"start":{},"end":{}}],"line":27},"3":{"loc":{"start":{"line":32,"column":4},"end":{"line":35,"column":5}},"type":"if","locations":[{"start":{"line":32,"column":4},"end":{"line":35,"column":5}},{"start":{},"end":{}}],"line":32},"4":{"loc":{"start":{"line":65,"column":11},"end":{"line":67,"column":18}},"type":"cond-expr","locations":[{"start":{"line":66,"column":12},"end":{"line":66,"column":85}},{"start":{"line":67,"column":14},"end":{"line":67,"column":18}}],"line":65}},"s":{"0":0,"1":0,"2":0,"3":0,"4":0,"5":0,"6":0,"7":0,"8":0,"9":0,"10":0,"11":0,"12":0,"13":0,"14":0,"15":0,"16":0,"17":0,"18":0,"19":0,"20":0,"21":0,"22":0,"23":0,"24":0,"25":0,"26":0,"27":0},"f":{"0":0,"1":0,"2":0,"3":0},"b":{"0":[0,0],"1":[0,0],"2":[0,0],"3":[0,0],"4":[0,0]}}
,"/home/runner/workspace/app/(auth)/signup.tsx": {"path":"/home/runner/workspace/app/(auth)/signup.tsx","statementMap":{"0":{"start":{"line":10,"column":21},"end":{"line":10,"column":31}},"1":{"start":{"line":11,"column":21},"end":{"line":11,"column":30}},"2":{"start":{"line":12,"column":26},"end":{"line":12,"column":38}},"3":{"start":{"line":13,"column":28},"end":{"line":13,"column":40}},"4":{"start":{"line":14,"column":34},"end":{"line":14,"column":46}},"5":{"start":{"line":15,"column":28},"end":{"line":15,"column":40}},"6":{"start":{"line":16,"column":32},"end":{"line":16,"column":47}},"7":{"start":{"line":18,"column":24},"end":{"line":20,"column":3}},"8":{"start":{"line":19,"column":4},"end":{"line":19,"column":52}},"9":{"start":{"line":22,"column":23},"end":{"line":54,"column":3}},"10":{"start":{"line":23,"column":4},"end":{"line":26,"column":5}},"11":{"start":{"line":24,"column":6},"end":{"line":24,"column":44}},"12":{"start":{"line":25,"column":6},"end":{"line":25,"column":13}},"13":{"start":{"line":28,"column":4},"end":{"line":31,"column":5}},"14":{"start":{"line":29,"column":6},"end":{"line":29,"column":53}},"15":{"start":{"line":30,"column":6},"end":{"line":30,"column":13}},"16":{"start":{"line":33,"column":4},"end":{"line":36,"column":5}},"17":{"start":{"line":34,"column":6},"end":{"line":34,"column":53}},"18":{"start":{"line":35,"column":6},"end":{"line":35,"column":13}},"19":{"start":{"line":38,"column":4},"end":{"line":41,"column":5}},"20":{"start":{"line":39,"column":6},"end":{"line":39,"column":57}},"21":{"start":{"line":40,"column":6},"end":{"line":40,"column":13}},"22":{"start":{"line":43,"column":4},"end":{"line":43,"column":17}},"23":{"start":{"line":44,"column":4},"end":{"line":44,"column":21}},"24":{"start":{"line":46,"column":4},"end":{"line":53,"column":5}},"25":{"start":{"line":47,"column":6},"end":{"line":47,"column":42}},"26":{"start":{"line":48,"column":6},"end":{"line":48,"column":32}},"27":{"start":{"line":50,"column":6},"end":{"line":50,"column":43}},"28":{"start":{"line":52,"column":6},"end":{"line":52,"column":24}},"29":{"start":{"line":56,"column":2},"end":{"line":135,"column":4}},"30":{"start":{"line":126,"column":45},"end":{"line":126,"column":66}},"31":{"start":{"line":138,"column":15},"end":{"line":217,"column":2}}},"fnMap":{"0":{"name":"SignupScreen","decl":{"start":{"line":9,"column":24},"end":{"line":9,"column":36}},"loc":{"start":{"line":9,"column":39},"end":{"line":136,"column":1}},"line":9},"1":{"name":"(anonymous_1)","decl":{"start":{"line":18,"column":24},"end":{"line":18,"column":25}},"loc":{"start":{"line":18,"column":43},"end":{"line":20,"column":3}},"line":18},"2":{"name":"(anonymous_2)","decl":{"start":{"line":22,"column":23},"end":{"line":22,"column":24}},"loc":{"start":{"line":22,"column":35},"end":{"line":54,"column":3}},"line":22},"3":{"name":"(anonymous_3)","decl":{"start":{"line":126,"column":39},"end":{"line":126,"column":40}},"loc":{"start":{"line":126,"column":45},"end":{"line":126,"column":66}},"line":126}},"branchMap":{"0":{"loc":{"start":{"line":23,"column":4},"end":{"line":26,"column":5}},"type":"if","locations":[{"start":{"line":23,"column":4},"end":{"line":26,"column":5}},{"start":{},"end":{}}],"line":23},"1":{"loc":{"start":{"line":23,"column":8},"end":{"line":23,"column":36}},"type":"binary-expr","locations":[{"start":{"line":23,"column":8},"end":{"line":23,"column":13}},{"start":{"line":23,"column":17},"end":{"line":23,"column":23}},{"start":{"line":23,"column":27},"end":{"line":23,"column":36}}],"line":23},"2":{"loc":{"start":{"line":28,"column":4},"end":{"line":31,"column":5}},"type":"if","locations":[{"start":{"line":28,"column":4},"end":{"line":31,"column":5}},{"start":{},"end":{}}],"line":28},"3":{"loc":{"start":{"line":33,"column":4},"end":{"line":36,"column":5}},"type":"if","locations":[{"start":{"line":33,"column":4},"end":{"line":36,"column":5}},{"start":{},"end":{}}],"line":33},"4":{"loc":{"start":{"line":38,"column":4},"end":{"line":41,"column":5}},"type":"if","locations":[{"start":{"line":38,"column":4},"end":{"line":41,"column":5}},{"start":{},"end":{}}],"line":38},"5":{"loc":{"start":{"line":71,"column":11},"end":{"line":73,"column":18}},"type":"cond-expr","locations":[{"start":{"line":72,"column":12},"end":{"line":72,"column":85}},{"start":{"line":73,"column":14},"end":{"line":73,"column":18}}],"line":71}},"s":{"0":0,"1":0,"2":0,"3":0,"4":0,"5":0,"6":0,"7":0,"8":0,"9":0,"10":0,"11":0,"12":0,"13":0,"14":0,"15":0,"16":0,"17":0,"18":0,"19":0,"20":0,"21":0,"22":0,"23":0,"24":0,"25":0,"26":0,"27":0,"28":0,"29":0,"30":0,"31":0},"f":{"0":0,"1":0,"2":0,"3":0},"b":{"0":[0,0],"1":[0,0,0],"2":[0,0],"3":[0,0],"4":[0,0],"5":[0,0]}}
,"/home/runner/workspace/app/(tabs)/_layout.tsx": {"path":"/home/runner/workspace/app/(tabs)/_layout.tsx","statementMap":{"0":{"start":{"line":7,"column":28},"end":{"line":7,"column":38}},"1":{"start":{"line":9,"column":2},"end":{"line":58,"column":4}},"2":{"start":{"line":34,"column":12},"end":{"line":34,"column":46}},"3":{"start":{"line":43,"column":12},"end":{"line":43,"column":55}},"4":{"start":{"line":52,"column":12},"end":{"line":52,"column":46}}},"fnMap":{"0":{"name":"TabLayout","decl":{"start":{"line":6,"column":24},"end":{"line":6,"column":33}},"loc":{"start":{"line":6,"column":36},"end":{"line":59,"column":1}},"line":6},"1":{"name":"(anonymous_1)","decl":{"start":{"line":33,"column":22},"end":{"line":33,"column":23}},"loc":{"start":{"line":34,"column":12},"end":{"line":34,"column":46}},"line":34},"2":{"name":"(anonymous_2)","decl":{"start":{"line":42,"column":22},"end":{"line":42,"column":23}},"loc":{"start":{"line":43,"column":12},"end":{"line":43,"column":55}},"line":43},"3":{"name":"(anonymous_3)","decl":{"start":{"line":51,"column":22},"end":{"line":51,"column":23}},"loc":{"start":{"line":52,"column":12},"end":{"line":52,"column":46}},"line":52}},"branchMap":{"0":{"loc":{"start":{"line":17,"column":25},"end":{"line":17,"column":54}},"type":"cond-expr","locations":[{"start":{"line":17,"column":49},"end":{"line":17,"column":50}},{"start":{"line":17,"column":53},"end":{"line":17,"column":54}}],"line":17},"1":{"loc":{"start":{"line":19,"column":18},"end":{"line":19,"column":49}},"type":"cond-expr","locations":[{"start":{"line":19,"column":42},"end":{"line":19,"column":44}},{"start":{"line":19,"column":47},"end":{"line":19,"column":49}}],"line":19}},"s":{"0":2,"1":2,"2":0,"3":0,"4":0},"f":{"0":2,"1":0,"2":0,"3":0},"b":{"0":[2,0],"1":[2,0]},"_coverageSchema":"1a1c01bbd47fc00a2c39e90264f33305004495a9","hash":"235784d61034210418bcc79856ee090aa54f6b52"}
,"/home/runner/workspace/app/(tabs)/chat.tsx": {"path":"/home/runner/workspace/app/(tabs)/chat.tsx","statementMap":{"0":{"start":{"line":29,"column":28},"end":{"line":29,"column":38}},"1":{"start":{"line":30,"column":36},"end":{"line":30,"column":45}},"2":{"start":{"line":40,"column":6},"end":{"line":40,"column":18}},"3":{"start":{"line":42,"column":26},"end":{"line":42,"column":38}},"4":{"start":{"line":43,"column":46},"end":{"line":43,"column":61}},"5":{"start":{"line":44,"column":22},"end":{"line":44,"column":44}},"6":{"start":{"line":45,"column":17},"end":{"line":45,"column":39}},"7":{"start":{"line":48,"column":2},"end":{"line":55,"column":20}},"8":{"start":{"line":49,"column":4},"end":{"line":54,"column":5}},"9":{"start":{"line":50,"column":24},"end":{"line":50,"column":49}},"10":{"start":{"line":51,"column":6},"end":{"line":53,"column":7}},"11":{"start":{"line":52,"column":8},"end":{"line":52,"column":34}},"12":{"start":{"line":58,"column":28},"end":{"line":75,"column":9}},"13":{"start":{"line":59,"column":4},"end":{"line":59,"column":29}},"14":{"start":{"line":59,"column":22},"end":{"line":59,"column":29}},"15":{"start":{"line":61,"column":4},"end":{"line":64,"column":5}},"16":{"start":{"line":62,"column":6},"end":{"line":62,"column":35}},"17":{"start":{"line":63,"column":6},"end":{"line":63,"column":13}},"18":{"start":{"line":67,"column":4},"end":{"line":70,"column":5}},"19":{"start":{"line":68,"column":6},"end":{"line":68,"column":30}},"20":{"start":{"line":69,"column":6},"end":{"line":69,"column":13}},"21":{"start":{"line":72,"column":4},"end":{"line":72,"column":22}},"22":{"start":{"line":73,"column":4},"end":{"line":73,"column":16}},"23":{"start":{"line":74,"column":4},"end":{"line":74,"column":23}},"24":{"start":{"line":77,"column":25},"end":{"line":81,"column":3}},"25":{"start":{"line":78,"column":4},"end":{"line":80,"column":5}},"26":{"start":{"line":79,"column":6},"end":{"line":79,"column":58}},"27":{"start":{"line":84,"column":2},"end":{"line":87,"column":17}},"28":{"start":{"line":85,"column":18},"end":{"line":85,"column":49}},"29":{"start":{"line":86,"column":4},"end":{"line":86,"column":37}},"30":{"start":{"line":86,"column":17},"end":{"line":86,"column":36}},"31":{"start":{"line":90,"column":31},"end":{"line":95,"column":3}},"32":{"start":{"line":97,"column":2},"end":{"line":219,"column":4}},"33":{"start":{"line":108,"column":27},"end":{"line":108,"column":50}},"34":{"start":{"line":122,"column":47},"end":{"line":122,"column":70}},"35":{"start":{"line":147,"column":18},"end":{"line":155,"column":37}},"36":{"start":{"line":150,"column":35},"end":{"line":150,"column":51}},"37":{"start":{"line":165,"column":38},"end":{"line":165,"column":45}},"38":{"start":{"line":168,"column":16},"end":{"line":168,"column":48}},"39":{"start":{"line":215,"column":25},"end":{"line":215,"column":49}},"40":{"start":{"line":222,"column":15},"end":{"line":344,"column":2}}},"fnMap":{"0":{"name":"ChatScreen","decl":{"start":{"line":28,"column":24},"end":{"line":28,"column":34}},"loc":{"start":{"line":28,"column":37},"end":{"line":220,"column":1}},"line":28},"1":{"name":"(anonymous_1)","decl":{"start":{"line":48,"column":12},"end":{"line":48,"column":13}},"loc":{"start":{"line":48,"column":18},"end":{"line":55,"column":3}},"line":48},"2":{"name":"(anonymous_2)","decl":{"start":{"line":58,"column":37},"end":{"line":58,"column":38}},"loc":{"start":{"line":58,"column":43},"end":{"line":75,"column":3}},"line":58},"3":{"name":"(anonymous_3)","decl":{"start":{"line":77,"column":25},"end":{"line":77,"column":26}},"loc":{"start":{"line":77,"column":31},"end":{"line":81,"column":3}},"line":77},"4":{"name":"(anonymous_4)","decl":{"start":{"line":84,"column":12},"end":{"line":84,"column":13}},"loc":{"start":{"line":84,"column":18},"end":{"line":87,"column":3}},"line":84},"5":{"name":"(anonymous_5)","decl":{"start":{"line":86,"column":11},"end":{"line":86,"column":12}},"loc":{"start":{"line":86,"column":17},"end":{"line":86,"column":36}},"line":86},"6":{"name":"(anonymous_6)","decl":{"start":{"line":108,"column":21},"end":{"line":108,"column":22}},"loc":{"start":{"line":108,"column":27},"end":{"line":108,"column":50}},"line":108},"7":{"name":"(anonymous_7)","decl":{"start":{"line":122,"column":41},"end":{"line":122,"column":42}},"loc":{"start":{"line":122,"column":47},"end":{"line":122,"column":70}},"line":122},"8":{"name":"(anonymous_8)","decl":{"start":{"line":146,"column":42},"end":{"line":146,"column":43}},"loc":{"start":{"line":147,"column":18},"end":{"line":155,"column":37}},"line":147},"9":{"name":"(anonymous_9)","decl":{"start":{"line":150,"column":29},"end":{"line":150,"column":30}},"loc":{"start":{"line":150,"column":35},"end":{"line":150,"column":51}},"line":150},"10":{"name":"(anonymous_10)","decl":{"start":{"line":165,"column":28},"end":{"line":165,"column":29}},"loc":{"start":{"line":165,"column":38},"end":{"line":165,"column":45}},"line":165},"11":{"name":"(anonymous_11)","decl":{"start":{"line":167,"column":26},"end":{"line":167,"column":27}},"loc":{"start":{"line":168,"column":16},"end":{"line":168,"column":48}},"line":168},"12":{"name":"(anonymous_12)","decl":{"start":{"line":215,"column":19},"end":{"line":215,"column":20}},"loc":{"start":{"line":215,"column":25},"end":{"line":215,"column":49}},"line":215}},"branchMap":{"0":{"loc":{"start":{"line":49,"column":4},"end":{"line":54,"column":5}},"type":"if","locations":[{"start":{"line":49,"column":4},"end":{"line":54,"column":5}},{"start":{},"end":{}}],"line":49},"1":{"loc":{"start":{"line":49,"column":8},"end":{"line":49,"column":54}},"type":"binary-expr","locations":[{"start":{"line":49,"column":8},"end":{"line":49,"column":19}},{"start":{"line":49,"column":23},"end":{"line":49,"column":54}}],"line":49},"2":{"loc":{"start":{"line":51,"column":6},"end":{"line":53,"column":7}},"type":"if","locations":[{"start":{"line":51,"column":6},"end":{"line":53,"column":7}},{"start":{},"end":{}}],"line":51},"3":{"loc":{"start":{"line":51,"column":10},"end":{"line":51,"column":62}},"type":"binary-expr","locations":[{"start":{"line":51,"column":10},"end":{"line":51,"column":27}},{"start":{"line":51,"column":31},"end":{"line":51,"column":45}},{"start":{"line":51,"column":49},"end":{"line":51,"column":62}}],"line":51},"4":{"loc":{"start":{"line":59,"column":4},"end":{"line":59,"column":29}},"type":"if","locations":[{"start":{"line":59,"column":4},"end":{"line":59,"column":29}},{"start":{},"end":{}}],"line":59},"5":{"loc":{"start":{"line":61,"column":4},"end":{"line":64,"column":5}},"type":"if","locations":[{"start":{"line":61,"column":4},"end":{"line":64,"column":5}},{"start":{},"end":{}}],"line":61},"6":{"loc":{"start":{"line":67,"column":4},"end":{"line":70,"column":5}},"type":"if","locations":[{"start":{"line":67,"column":4},"end":{"line":70,"column":5}},{"start":{},"end":{}}],"line":67},"7":{"loc":{"start":{"line":67,"column":8},"end":{"line":67,"column":44}},"type":"binary-expr","locations":[{"start":{"line":67,"column":8},"end":{"line":67,"column":18}},{"start":{"line":67,"column":22},"end":{"line":67,"column":44}}],"line":67},"8":{"loc":{"start":{"line":78,"column":4},"end":{"line":80,"column":5}},"type":"if","locations":[{"start":{"line":78,"column":4},"end":{"line":80,"column":5}},{"start":{},"end":{}}],"line":78},"9":{"loc":{"start":{"line":78,"column":8},"end":{"line":78,"column":50}},"type":"binary-expr","locations":[{"start":{"line":78,"column":8},"end":{"line":78,"column":27}},{"start":{"line":78,"column":31},"end":{"line":78,"column":50}}],"line":78},"10":{"loc":{"start":{"line":99,"column":24},"end":{"line":99,"column":59}},"type":"cond-expr","locations":[{"start":{"line":99,"column":43},"end":{"line":99,"column":50}},{"start":{"line":99,"column":53},"end":{"line":99,"column":59}}],"line":99},"11":{"loc":{"start":{"line":116,"column":9},"end":{"line":129,"column":9}},"type":"binary-expr","locations":[{"start":{"line":116,"column":9},"end":{"line":116,"column":19}},{"start":{"line":117,"column":10},"end":{"line":128,"column":17}}],"line":116},"12":{"loc":{"start":{"line":121,"column":13},"end":{"line":127,"column":13}},"type":"binary-expr","locations":[{"start":{"line":121,"column":13},"end":{"line":121,"column":35}},{"start":{"line":122,"column":14},"end":{"line":126,"column":33}}],"line":121},"13":{"loc":{"start":{"line":133,"column":20},"end":{"line":133,"column":65}},"type":"cond-expr","locations":[{"start":{"line":133,"column":44},"end":{"line":133,"column":53}},{"start":{"line":133,"column":56},"end":{"line":133,"column":65}}],"line":133},"14":{"loc":{"start":{"line":134,"column":34},"end":{"line":134,"column":64}},"type":"cond-expr","locations":[{"start":{"line":134,"column":58},"end":{"line":134,"column":60}},{"start":{"line":134,"column":63},"end":{"line":134,"column":64}}],"line":134},"15":{"loc":{"start":{"line":136,"column":11},"end":{"line":182,"column":11}},"type":"cond-expr","locations":[{"start":{"line":137,"column":12},"end":{"line":160,"column":19}},{"start":{"line":162,"column":12},"end":{"line":181,"column":14}}],"line":136},"16":{"loc":{"start":{"line":172,"column":16},"end":{"line":179,"column":24}},"type":"cond-expr","locations":[{"start":{"line":173,"column":18},"end":{"line":178,"column":25}},{"start":{"line":179,"column":20},"end":{"line":179,"column":24}}],"line":172},"17":{"loc":{"start":{"line":188,"column":13},"end":{"line":190,"column":13}},"type":"binary-expr","locations":[{"start":{"line":188,"column":13},"end":{"line":188,"column":32}},{"start":{"line":189,"column":14},"end":{"line":189,"column":46}}],"line":188},"18":{"loc":{"start":{"line":205,"column":26},"end":{"line":205,"column":57}},"type":"binary-expr","locations":[{"start":{"line":205,"column":26},"end":{"line":205,"column":38}},{"start":{"line":205,"column":42},"end":{"line":205,"column":57}}],"line":205},"19":{"loc":{"start":{"line":320,"column":19},"end":{"line":320,"column":49}},"type":"cond-expr","locations":[{"start":{"line":320,"column":43},"end":{"line":320,"column":45}},{"start":{"line":320,"column":48},"end":{"line":320,"column":49}}],"line":320}},"s":{"0":0,"1":0,"2":0,"3":0,"4":0,"5":0,"6":0,"7":0,"8":0,"9":0,"10":0,"11":0,"12":0,"13":0,"14":0,"15":0,"16":0,"17":0,"18":0,"19":0,"20":0,"21":0,"22":0,"23":0,"24":0,"25":0,"26":0,"27":0,"28":0,"29":0,"30":0,"31":0,"32":0,"33":0,"34":0,"35":0,"36":0,"37":0,"38":0,"39":0,"40":0},"f":{"0":0,"1":0,"2":0,"3":0,"4":0,"5":0,"6":0,"7":0,"8":0,"9":0,"10":0,"11":0,"12":0},"b":{"0":[0,0],"1":[0,0],"2":[0,0],"3":[0,0,0],"4":[0,0],"5":[0,0],"6":[0,0],"7":[0,0],"8":[0,0],"9":[0,0],"10":[0,0],"11":[0,0],"12":[0,0],"13":[0,0],"14":[0,0],"15":[0,0],"16":[0,0],"17":[0,0],"18":[0,0],"19":[0,0]}}
,"/home/runner/workspace/app/(tabs)/index.tsx": {"path":"/home/runner/workspace/app/(tabs)/index.tsx","statementMap":{"0":{"start":{"line":13,"column":28},"end":{"line":13,"column":38}},"1":{"start":{"line":14,"column":36},"end":{"line":14,"column":45}},"2":{"start":{"line":16,"column":25},"end":{"line":21,"column":3}},"3":{"start":{"line":17,"column":4},"end":{"line":20,"column":7}},"4":{"start":{"line":23,"column":31},"end":{"line":28,"column":3}},"5":{"start":{"line":24,"column":17},"end":{"line":24,"column":38}},"6":{"start":{"line":25,"column":4},"end":{"line":25,"column":41}},"7":{"start":{"line":25,"column":19},"end":{"line":25,"column":41}},"8":{"start":{"line":26,"column":4},"end":{"line":26,"column":43}},"9":{"start":{"line":26,"column":19},"end":{"line":26,"column":43}},"10":{"start":{"line":27,"column":4},"end":{"line":27,"column":26}},"11":{"start":{"line":30,"column":2},"end":{"line":137,"column":4}},"12":{"start":{"line":57,"column":31},"end":{"line":57,"column":51}},"13":{"start":{"line":76,"column":14},"end":{"line":103,"column":21}},"14":{"start":{"line":78,"column":31},"end":{"line":78,"column":52}},"15":{"start":{"line":94,"column":37},"end":{"line":94,"column":58}},"16":{"start":{"line":114,"column":27},"end":{"line":114,"column":52}},"17":{"start":{"line":126,"column":31},"end":{"line":126,"column":56}},"18":{"start":{"line":140,"column":15},"end":{"line":271,"column":2}}},"fnMap":{"0":{"name":"HomeScreen","decl":{"start":{"line":12,"column":24},"end":{"line":12,"column":34}},"loc":{"start":{"line":12,"column":37},"end":{"line":138,"column":1}},"line":12},"1":{"name":"(anonymous_1)","decl":{"start":{"line":16,"column":25},"end":{"line":16,"column":26}},"loc":{"start":{"line":16,"column":48},"end":{"line":21,"column":3}},"line":16},"2":{"name":"(anonymous_2)","decl":{"start":{"line":23,"column":31},"end":{"line":23,"column":32}},"loc":{"start":{"line":23,"column":37},"end":{"line":28,"column":3}},"line":23},"3":{"name":"(anonymous_3)","decl":{"start":{"line":57,"column":25},"end":{"line":57,"column":26}},"loc":{"start":{"line":57,"column":31},"end":{"line":57,"column":51}},"line":57},"4":{"name":"(anonymous_4)","decl":{"start":{"line":75,"column":30},"end":{"line":75,"column":31}},"loc":{"start":{"line":76,"column":14},"end":{"line":103,"column":21}},"line":76},"5":{"name":"(anonymous_5)","decl":{"start":{"line":78,"column":25},"end":{"line":78,"column":26}},"loc":{"start":{"line":78,"column":31},"end":{"line":78,"column":52}},"line":78},"6":{"name":"(anonymous_6)","decl":{"start":{"line":94,"column":31},"end":{"line":94,"column":32}},"loc":{"start":{"line":94,"column":37},"end":{"line":94,"column":58}},"line":94},"7":{"name":"(anonymous_7)","decl":{"start":{"line":114,"column":21},"end":{"line":114,"column":22}},"loc":{"start":{"line":114,"column":27},"end":{"line":114,"column":52}},"line":114},"8":{"name":"(anonymous_8)","decl":{"start":{"line":126,"column":25},"end":{"line":126,"column":26}},"loc":{"start":{"line":126,"column":31},"end":{"line":126,"column":56}},"line":126}},"branchMap":{"0":{"loc":{"start":{"line":25,"column":4},"end":{"line":25,"column":41}},"type":"if","locations":[{"start":{"line":25,"column":4},"end":{"line":25,"column":41}},{"start":{},"end":{}}],"line":25},"1":{"loc":{"start":{"line":26,"column":4},"end":{"line":26,"column":43}},"type":"if","locations":[{"start":{"line":26,"column":4},"end":{"line":26,"column":43}},{"start":{},"end":{}}],"line":26},"2":{"loc":{"start":{"line":32,"column":24},"end":{"line":32,"column":59}},"type":"cond-expr","locations":[{"start":{"line":32,"column":43},"end":{"line":32,"column":50}},{"start":{"line":32,"column":53},"end":{"line":32,"column":59}}],"line":32},"3":{"loc":{"start":{"line":43,"column":15},"end":{"line":43,"column":66}},"type":"cond-expr","locations":[{"start":{"line":43,"column":33},"end":{"line":43,"column":55}},{"start":{"line":43,"column":58},"end":{"line":43,"column":66}}],"line":43},"4":{"loc":{"start":{"line":43,"column":33},"end":{"line":43,"column":55}},"type":"binary-expr","locations":[{"start":{"line":43,"column":33},"end":{"line":43,"column":43}},{"start":{"line":43,"column":47},"end":{"line":43,"column":55}}],"line":43}},"s":{"0":0,"1":0,"2":0,"3":0,"4":0,"5":0,"6":0,"7":0,"8":0,"9":0,"10":0,"11":0,"12":0,"13":0,"14":0,"15":0,"16":0,"17":0,"18":0},"f":{"0":0,"1":0,"2":0,"3":0,"4":0,"5":0,"6":0,"7":0,"8":0},"b":{"0":[0,0],"1":[0,0],"2":[0,0],"3":[0,0],"4":[0,0]}}
,"/home/runner/workspace/app/(tabs)/profile.tsx": {"path":"/home/runner/workspace/app/(tabs)/profile.tsx","statementMap":{"0":{"start":{"line":22,"column":41},"end":{"line":22,"column":51}},"1":{"start":{"line":23,"column":44},"end":{"line":23,"column":53}},"2":{"start":{"line":24,"column":38},"end":{"line":24,"column":50}},"3":{"start":{"line":26,"column":58},"end":{"line":26,"column":72}},"4":{"start":{"line":27,"column":48},"end":{"line":27,"column":74}},"5":{"start":{"line":29,"column":23},"end":{"line":48,"column":3}},"6":{"start":{"line":30,"column":4},"end":{"line":47,"column":6}},"7":{"start":{"line":41,"column":12},"end":{"line":41,"column":21}},"8":{"start":{"line":42,"column":12},"end":{"line":42,"column":41}},"9":{"start":{"line":50,"column":31},"end":{"line":53,"column":3}},"10":{"start":{"line":51,"column":4},"end":{"line":51,"column":41}},"11":{"start":{"line":52,"column":4},"end":{"line":52,"column":18}},"12":{"start":{"line":55,"column":28},"end":{"line":58,"column":3}},"13":{"start":{"line":57,"column":4},"end":{"line":57,"column":33}},"14":{"start":{"line":60,"column":31},"end":{"line":62,"column":3}},"15":{"start":{"line":61,"column":4},"end":{"line":61,"column":28}},"16":{"start":{"line":65,"column":21},"end":{"line":70,"column":16}},"17":{"start":{"line":72,"column":2},"end":{"line":318,"column":4}},"18":{"start":{"line":226,"column":35},"end":{"line":226,"column":55}},"19":{"start":{"line":241,"column":35},"end":{"line":241,"column":58}},"20":{"start":{"line":256,"column":35},"end":{"line":256,"column":56}},"21":{"start":{"line":299,"column":31},"end":{"line":299,"column":59}},"22":{"start":{"line":307,"column":31},"end":{"line":307,"column":60}},"23":{"start":{"line":321,"column":15},"end":{"line":521,"column":2}}},"fnMap":{"0":{"name":"ProfileScreen","decl":{"start":{"line":21,"column":24},"end":{"line":21,"column":37}},"loc":{"start":{"line":21,"column":40},"end":{"line":319,"column":1}},"line":21},"1":{"name":"(anonymous_1)","decl":{"start":{"line":29,"column":23},"end":{"line":29,"column":24}},"loc":{"start":{"line":29,"column":29},"end":{"line":48,"column":3}},"line":29},"2":{"name":"(anonymous_2)","decl":{"start":{"line":40,"column":19},"end":{"line":40,"column":20}},"loc":{"start":{"line":40,"column":25},"end":{"line":43,"column":11}},"line":40},"3":{"name":"(anonymous_3)","decl":{"start":{"line":50,"column":31},"end":{"line":50,"column":32}},"loc":{"start":{"line":50,"column":37},"end":{"line":53,"column":3}},"line":50},"4":{"name":"(anonymous_4)","decl":{"start":{"line":55,"column":28},"end":{"line":55,"column":29}},"loc":{"start":{"line":55,"column":34},"end":{"line":58,"column":3}},"line":55},"5":{"name":"(anonymous_5)","decl":{"start":{"line":60,"column":31},"end":{"line":60,"column":32}},"loc":{"start":{"line":60,"column":37},"end":{"line":62,"column":3}},"line":60},"6":{"name":"(anonymous_6)","decl":{"start":{"line":226,"column":29},"end":{"line":226,"column":30}},"loc":{"start":{"line":226,"column":35},"end":{"line":226,"column":55}},"line":226},"7":{"name":"(anonymous_7)","decl":{"start":{"line":241,"column":29},"end":{"line":241,"column":30}},"loc":{"start":{"line":241,"column":35},"end":{"line":241,"column":58}},"line":241},"8":{"name":"(anonymous_8)","decl":{"start":{"line":256,"column":29},"end":{"line":256,"column":30}},"loc":{"start":{"line":256,"column":35},"end":{"line":256,"column":56}},"line":256},"9":{"name":"(anonymous_9)","decl":{"start":{"line":299,"column":25},"end":{"line":299,"column":26}},"loc":{"start":{"line":299,"column":31},"end":{"line":299,"column":59}},"line":299},"10":{"name":"(anonymous_10)","decl":{"start":{"line":307,"column":25},"end":{"line":307,"column":26}},"loc":{"start":{"line":307,"column":31},"end":{"line":307,"column":60}},"line":307}},"branchMap":{"0":{"loc":{"start":{"line":65,"column":21},"end":{"line":70,"column":16}},"type":"cond-expr","locations":[{"start":{"line":66,"column":6},"end":{"line":69,"column":8}},{"start":{"line":70,"column":6},"end":{"line":70,"column":16}}],"line":65},"1":{"loc":{"start":{"line":74,"column":24},"end":{"line":74,"column":59}},"type":"cond-expr","locations":[{"start":{"line":74,"column":43},"end":{"line":74,"column":50}},{"start":{"line":74,"column":53},"end":{"line":74,"column":59}}],"line":74},"2":{"loc":{"start":{"line":86,"column":11},"end":{"line":314,"column":11}},"type":"cond-expr","locations":[{"start":{"line":87,"column":12},"end":{"line":285,"column":15}},{"start":{"line":287,"column":12},"end":{"line":313,"column":19}}],"line":86},"3":{"loc":{"start":{"line":92,"column":21},"end":{"line":100,"column":21}},"type":"cond-expr","locations":[{"start":{"line":93,"column":22},"end":{"line":97,"column":24}},{"start":{"line":99,"column":22},"end":{"line":99,"column":68}}],"line":92},"4":{"loc":{"start":{"line":104,"column":23},"end":{"line":104,"column":43}},"type":"binary-expr","locations":[{"start":{"line":104,"column":23},"end":{"line":104,"column":33}},{"start":{"line":104,"column":37},"end":{"line":104,"column":43}}],"line":104},"5":{"loc":{"start":{"line":107,"column":23},"end":{"line":107,"column":56}},"type":"binary-expr","locations":[{"start":{"line":107,"column":23},"end":{"line":107,"column":34}},{"start":{"line":107,"column":38},"end":{"line":107,"column":56}}],"line":107},"6":{"loc":{"start":{"line":150,"column":79},"end":{"line":150,"column":131}},"type":"cond-expr","locations":[{"start":{"line":150,"column":91},"end":{"line":150,"column":109}},{"start":{"line":150,"column":112},"end":{"line":150,"column":131}}],"line":150},"7":{"loc":{"start":{"line":151,"column":47},"end":{"line":151,"column":100}},"type":"cond-expr","locations":[{"start":{"line":151,"column":59},"end":{"line":151,"column":78}},{"start":{"line":151,"column":81},"end":{"line":151,"column":100}}],"line":151},"8":{"loc":{"start":{"line":155,"column":25},"end":{"line":155,"column":55}},"type":"cond-expr","locations":[{"start":{"line":155,"column":37},"end":{"line":155,"column":46}},{"start":{"line":155,"column":49},"end":{"line":155,"column":55}}],"line":155},"9":{"loc":{"start":{"line":164,"column":17},"end":{"line":173,"column":17}},"type":"binary-expr","locations":[{"start":{"line":164,"column":17},"end":{"line":164,"column":27}},{"start":{"line":165,"column":18},"end":{"line":172,"column":37}}],"line":164},"10":{"loc":{"start":{"line":192,"column":34},"end":{"line":192,"column":98}},"type":"cond-expr","locations":[{"start":{"line":192,"column":57},"end":{"line":192,"column":76}},{"start":{"line":192,"column":79},"end":{"line":192,"column":98}}],"line":192},"11":{"loc":{"start":{"line":209,"column":34},"end":{"line":209,"column":93}},"type":"cond-expr","locations":[{"start":{"line":209,"column":52},"end":{"line":209,"column":71}},{"start":{"line":209,"column":74},"end":{"line":209,"column":93}}],"line":209}},"s":{"0":0,"1":0,"2":0,"3":0,"4":0,"5":0,"6":0,"7":0,"8":0,"9":0,"10":0,"11":0,"12":0,"13":0,"14":0,"15":0,"16":0,"17":0,"18":0,"19":0,"20":0,"21":0,"22":0,"23":0},"f":{"0":0,"1":0,"2":0,"3":0,"4":0,"5":0,"6":0,"7":0,"8":0,"9":0,"10":0},"b":{"0":[0,0],"1":[0,0],"2":[0,0],"3":[0,0],"4":[0,0],"5":[0,0],"6":[0,0],"7":[0,0],"8":[0,0],"9":[0,0],"10":[0,0],"11":[0,0]}}
,"/home/runner/workspace/assets/images/therapy_modes.ts": {"path":"/home/runner/workspace/assets/images/therapy_modes.ts","statementMap":{"0":{"start":{"line":8,"column":47},"end":{"line":33,"column":1}}},"fnMap":{},"branchMap":{},"s":{"0":1},"f":{},"b":{},"_coverageSchema":"1a1c01bbd47fc00a2c39e90264f33305004495a9","hash":"a55b8166f3e550591c9dd178d3d70cda5c2f7443"}
,"/home/runner/workspace/components/ErrorBoundary.tsx": {"path":"/home/runner/workspace/components/ErrorBoundary.tsx","statementMap":{"0":{"start":{"line":16,"column":24},"end":{"line":16,"column":56}},"1":{"start":{"line":19,"column":4},"end":{"line":19,"column":37}},"2":{"start":{"line":22,"column":15},"end":{"line":24,"column":3}},"3":{"start":{"line":23,"column":4},"end":{"line":23,"column":52}},"4":{"start":{"line":27,"column":4},"end":{"line":27,"column":70}},"5":{"start":{"line":31,"column":4},"end":{"line":43,"column":5}},"6":{"start":{"line":32,"column":6},"end":{"line":42,"column":8}},"7":{"start":{"line":45,"column":4},"end":{"line":45,"column":31}},"8":{"start":{"line":49,"column":15},"end":{"line":68,"column":2}}},"fnMap":{"0":{"name":"(anonymous_0)","decl":{"start":{"line":18,"column":2},"end":{"line":18,"column":3}},"loc":{"start":{"line":18,"column":48},"end":{"line":20,"column":3}},"line":18},"1":{"name":"(anonymous_1)","decl":{"start":{"line":22,"column":15},"end":{"line":22,"column":16}},"loc":{"start":{"line":22,"column":21},"end":{"line":24,"column":3}},"line":22},"2":{"name":"(anonymous_2)","decl":{"start":{"line":26,"column":2},"end":{"line":26,"column":3}},"loc":{"start":{"line":26,"column":62},"end":{"line":28,"column":3}},"line":26},"3":{"name":"(anonymous_3)","decl":{"start":{"line":30,"column":2},"end":{"line":30,"column":3}},"loc":{"start":{"line":30,"column":11},"end":{"line":46,"column":3}},"line":30}},"branchMap":{"0":{"loc":{"start":{"line":31,"column":4},"end":{"line":43,"column":5}},"type":"if","locations":[{"start":{"line":31,"column":4},"end":{"line":43,"column":5}},{"start":{},"end":{}}],"line":31}},"s":{"0":8,"1":10,"2":8,"3":1,"4":5,"5":20,"6":10,"7":10,"8":2},"f":{"0":10,"1":1,"2":5,"3":20},"b":{"0":[10,10]},"_coverageSchema":"1a1c01bbd47fc00a2c39e90264f33305004495a9","hash":"37c47a7bc29d5045f0cfdc507098d112e5da561e"}
,"/home/runner/workspace/components/Chat/MessageBubble.tsx": {"path":"/home/runner/workspace/components/Chat/MessageBubble.tsx","statementMap":{"0":{"start":{"line":11,"column":21},"end":{"line":11,"column":31}},"1":{"start":{"line":12,"column":15},"end":{"line":12,"column":43}},"2":{"start":{"line":14,"column":2},"end":{"line":33,"column":4}},"3":{"start":{"line":36,"column":15},"end":{"line":51,"column":2}}},"fnMap":{"0":{"name":"MessageBubble","decl":{"start":{"line":10,"column":24},"end":{"line":10,"column":37}},"loc":{"start":{"line":10,"column":71},"end":{"line":34,"column":1}},"line":10}},"branchMap":{"0":{"loc":{"start":{"line":17,"column":6},"end":{"line":17,"column":68}},"type":"cond-expr","locations":[{"start":{"line":17,"column":13},"end":{"line":17,"column":40}},{"start":{"line":17,"column":43},"end":{"line":17,"column":68}}],"line":17},"1":{"loc":{"start":{"line":21,"column":8},"end":{"line":23,"column":52}},"type":"cond-expr","locations":[{"start":{"line":22,"column":12},"end":{"line":22,"column":52}},{"start":{"line":23,"column":12},"end":{"line":23,"column":52}}],"line":21},"2":{"loc":{"start":{"line":27,"column":10},"end":{"line":27,"column":62}},"type":"cond-expr","locations":[{"start":{"line":27,"column":17},"end":{"line":27,"column":39}},{"start":{"line":27,"column":42},"end":{"line":27,"column":62}}],"line":27}},"s":{"0":0,"1":0,"2":0,"3":0},"f":{"0":0},"b":{"0":[0,0],"1":[0,0],"2":[0,0]}}
,"/home/runner/workspace/components/CrisisIntervention/CrisisAlert.tsx": {"path":"/home/runner/workspace/components/CrisisIntervention/CrisisAlert.tsx","statementMap":{"0":{"start":{"line":6,"column":26},"end":{"line":9,"column":1}},"1":{"start":{"line":12,"column":21},"end":{"line":12,"column":31}},"2":{"start":{"line":14,"column":30},"end":{"line":20,"column":3}},"3":{"start":{"line":15,"column":4},"end":{"line":19,"column":5}},"4":{"start":{"line":16,"column":6},"end":{"line":16,"column":45}},"5":{"start":{"line":18,"column":6},"end":{"line":18,"column":59}},"6":{"start":{"line":22,"column":2},"end":{"line":41,"column":4}},"7":{"start":{"line":30,"column":23},"end":{"line":30,"column":64}},"8":{"start":{"line":36,"column":23},"end":{"line":36,"column":80}},"9":{"start":{"line":44,"column":15},"end":{"line":66,"column":2}}},"fnMap":{"0":{"name":"CrisisAlert","decl":{"start":{"line":11,"column":16},"end":{"line":11,"column":27}},"loc":{"start":{"line":11,"column":30},"end":{"line":42,"column":1}},"line":11},"1":{"name":"(anonymous_1)","decl":{"start":{"line":14,"column":30},"end":{"line":14,"column":31}},"loc":{"start":{"line":14,"column":56},"end":{"line":20,"column":3}},"line":14},"2":{"name":"(anonymous_2)","decl":{"start":{"line":30,"column":17},"end":{"line":30,"column":18}},"loc":{"start":{"line":30,"column":23},"end":{"line":30,"column":64}},"line":30},"3":{"name":"(anonymous_3)","decl":{"start":{"line":36,"column":17},"end":{"line":36,"column":18}},"loc":{"start":{"line":36,"column":23},"end":{"line":36,"column":80}},"line":36}},"branchMap":{},"s":{"0":1,"1":2,"2":2,"3":1,"4":1,"5":0,"6":2,"7":1,"8":0,"9":1},"f":{"0":2,"1":1,"2":1,"3":0},"b":{},"_coverageSchema":"1a1c01bbd47fc00a2c39e90264f33305004495a9","hash":"533e27e60874a6a9b7030c877ea280b7c67b2a45"}
,"/home/runner/workspace/components/UI/Card.tsx": {"path":"/home/runner/workspace/components/UI/Card.tsx","statementMap":{"0":{"start":{"line":12,"column":21},"end":{"line":12,"column":31}},"1":{"start":{"line":14,"column":2},"end":{"line":30,"column":4}},"2":{"start":{"line":33,"column":15},"end":{"line":39,"column":2}}},"fnMap":{"0":{"name":"Card","decl":{"start":{"line":11,"column":24},"end":{"line":11,"column":28}},"loc":{"start":{"line":11,"column":70},"end":{"line":31,"column":1}},"line":11}},"branchMap":{},"s":{"0":0,"1":0,"2":0},"f":{"0":0},"b":{}}
,"/home/runner/workspace/components/UI/Container.tsx": {"path":"/home/runner/workspace/components/UI/Container.tsx","statementMap":{"0":{"start":{"line":9,"column":44},"end":{"line":17,"column":1}},"1":{"start":{"line":10,"column":21},"end":{"line":10,"column":31}},"2":{"start":{"line":12,"column":2},"end":{"line":16,"column":4}},"3":{"start":{"line":19,"column":15},"end":{"line":23,"column":2}}},"fnMap":{"0":{"name":"(anonymous_0)","decl":{"start":{"line":9,"column":44},"end":{"line":9,"column":45}},"loc":{"start":{"line":9,"column":62},"end":{"line":17,"column":1}},"line":9}},"branchMap":{},"s":{"0":1,"1":0,"2":0,"3":1},"f":{"0":0},"b":{},"_coverageSchema":"1a1c01bbd47fc00a2c39e90264f33305004495a9","hash":"1fe140f10844de92a7b44dc08781c2d743ce7636"}
,"/home/runner/workspace/components/UI/EmergencyResourceButton.tsx": {"path":"/home/runner/workspace/components/UI/EmergencyResourceButton.tsx","statementMap":{"0":{"start":{"line":11,"column":21},"end":{"line":11,"column":31}},"1":{"start":{"line":13,"column":2},"end":{"line":24,"column":3}},"2":{"start":{"line":14,"column":4},"end":{"line":23,"column":6}},"3":{"start":{"line":26,"column":2},"end":{"line":42,"column":4}},"4":{"start":{"line":45,"column":15},"end":{"line":80,"column":2}}},"fnMap":{"0":{"name":"EmergencyResourceButton","decl":{"start":{"line":10,"column":24},"end":{"line":10,"column":47}},"loc":{"start":{"line":10,"column":96},"end":{"line":43,"column":1}},"line":10}},"branchMap":{"0":{"loc":{"start":{"line":10,"column":50},"end":{"line":10,"column":62}},"type":"default-arg","locations":[{"start":{"line":10,"column":57},"end":{"line":10,"column":62}}],"line":10},"1":{"loc":{"start":{"line":13,"column":2},"end":{"line":24,"column":3}},"type":"if","locations":[{"start":{"line":13,"column":2},"end":{"line":24,"column":3}},{"start":{},"end":{}}],"line":13}},"s":{"0":2,"1":2,"2":0,"3":2,"4":1},"f":{"0":2},"b":{"0":[2],"1":[0,2]},"_coverageSchema":"1a1c01bbd47fc00a2c39e90264f33305004495a9","hash":"08578bd6f338d335402231fe37ececd7b5385867"}
,"/home/runner/workspace/components/UI/TherapyModePicker.tsx": {"path":"/home/runner/workspace/components/UI/TherapyModePicker.tsx","statementMap":{"0":{"start":{"line":12,"column":21},"end":{"line":12,"column":31}},"1":{"start":{"line":14,"column":2},"end":{"line":62,"column":4}},"2":{"start":{"line":28,"column":12},"end":{"line":48,"column":31}},"3":{"start":{"line":32,"column":16},"end":{"line":32,"column":26}},"4":{"start":{"line":65,"column":15},"end":{"line":124,"column":2}}},"fnMap":{"0":{"name":"TherapyModePicker","decl":{"start":{"line":11,"column":24},"end":{"line":11,"column":41}},"loc":{"start":{"line":11,"column":88},"end":{"line":63,"column":1}},"line":11},"1":{"name":"(anonymous_1)","decl":{"start":{"line":27,"column":28},"end":{"line":27,"column":29}},"loc":{"start":{"line":28,"column":12},"end":{"line":48,"column":31}},"line":28},"2":{"name":"(anonymous_2)","decl":{"start":{"line":31,"column":23},"end":{"line":31,"column":24}},"loc":{"start":{"line":31,"column":29},"end":{"line":33,"column":15}},"line":31}},"branchMap":{},"s":{"0":0,"1":0,"2":0,"3":0,"4":1},"f":{"0":0,"1":0,"2":0},"b":{},"_coverageSchema":"1a1c01bbd47fc00a2c39e90264f33305004495a9","hash":"5fd07eeeb803959941fda8a12fd55a585fa96f7d"}
,"/home/runner/workspace/constants/Colors.ts": {"path":"/home/runner/workspace/constants/Colors.ts","statementMap":{"0":{"start":{"line":1,"column":26},"end":{"line":80,"column":1}},"1":{"start":{"line":82,"column":25},"end":{"line":161,"column":1}}},"fnMap":{},"branchMap":{},"s":{"0":7,"1":7},"f":{},"b":{},"_coverageSchema":"1a1c01bbd47fc00a2c39e90264f33305004495a9","hash":"e2651350e577b2c60305bcf253098fcfa18335e6"}
,"/home/runner/workspace/context/AuthContext.tsx": {"path":"/home/runner/workspace/context/AuthContext.tsx","statementMap":{"0":{"start":{"line":19,"column":20},"end":{"line":19,"column":63}},"1":{"start":{"line":22,"column":28},"end":{"line":28,"column":4}},"2":{"start":{"line":30,"column":2},"end":{"line":32,"column":9}},"3":{"start":{"line":31,"column":4},"end":{"line":31,"column":20}},"4":{"start":{"line":34,"column":24},"end":{"line":50,"column":3}},"5":{"start":{"line":35,"column":4},"end":{"line":49,"column":5}},"6":{"start":{"line":36,"column":21},"end":{"line":36,"column":61}},"7":{"start":{"line":37,"column":20},"end":{"line":37,"column":59}},"8":{"start":{"line":39,"column":6},"end":{"line":45,"column":10}},"9":{"start":{"line":39,"column":24},"end":{"line":45,"column":7}},"10":{"start":{"line":47,"column":6},"end":{"line":47,"column":56}},"11":{"start":{"line":48,"column":6},"end":{"line":48,"column":54}},"12":{"start":{"line":48,"column":24},"end":{"line":48,"column":51}},"13":{"start":{"line":52,"column":16},"end":{"line":75,"column":3}},"14":{"start":{"line":53,"column":4},"end":{"line":74,"column":5}},"15":{"start":{"line":54,"column":23},"end":{"line":57,"column":8}},"16":{"start":{"line":59,"column":6},"end":{"line":59,"column":66}},"17":{"start":{"line":60,"column":6},"end":{"line":60,"column":64}},"18":{"start":{"line":61,"column":6},"end":{"line":61,"column":53}},"19":{"start":{"line":63,"column":6},"end":{"line":68,"column":9}},"20":{"start":{"line":70,"column":6},"end":{"line":70,"column":32}},"21":{"start":{"line":72,"column":6},"end":{"line":72,"column":43}},"22":{"start":{"line":73,"column":6},"end":{"line":73,"column":38}},"23":{"start":{"line":77,"column":17},"end":{"line":98,"column":3}},"24":{"start":{"line":78,"column":4},"end":{"line":97,"column":5}},"25":{"start":{"line":80,"column":25},"end":{"line":80,"column":49}},"26":{"start":{"line":82,"column":6},"end":{"line":82,"column":59}},"27":{"start":{"line":83,"column":6},"end":{"line":83,"column":53}},"28":{"start":{"line":84,"column":6},"end":{"line":84,"column":51}},"29":{"start":{"line":86,"column":6},"end":{"line":91,"column":9}},"30":{"start":{"line":93,"column":6},"end":{"line":93,"column":32}},"31":{"start":{"line":95,"column":6},"end":{"line":95,"column":44}},"32":{"start":{"line":96,"column":6},"end":{"line":96,"column":39}},"33":{"start":{"line":100,"column":17},"end":{"line":117,"column":3}},"34":{"start":{"line":101,"column":4},"end":{"line":116,"column":5}},"35":{"start":{"line":102,"column":6},"end":{"line":102,"column":50}},"36":{"start":{"line":103,"column":6},"end":{"line":103,"column":49}},"37":{"start":{"line":105,"column":6},"end":{"line":110,"column":9}},"38":{"start":{"line":112,"column":6},"end":{"line":112,"column":31}},"39":{"start":{"line":114,"column":6},"end":{"line":114,"column":44}},"40":{"start":{"line":115,"column":6},"end":{"line":115,"column":39}},"41":{"start":{"line":119,"column":2},"end":{"line":123,"column":4}},"42":{"start":{"line":127,"column":18},"end":{"line":127,"column":41}},"43":{"start":{"line":128,"column":2},"end":{"line":130,"column":3}},"44":{"start":{"line":129,"column":4},"end":{"line":129,"column":67}},"45":{"start":{"line":131,"column":2},"end":{"line":131,"column":17}}},"fnMap":{"0":{"name":"AuthProvider","decl":{"start":{"line":21,"column":16},"end":{"line":21,"column":28}},"loc":{"start":{"line":21,"column":74},"end":{"line":124,"column":1}},"line":21},"1":{"name":"(anonymous_1)","decl":{"start":{"line":30,"column":12},"end":{"line":30,"column":13}},"loc":{"start":{"line":30,"column":18},"end":{"line":32,"column":3}},"line":30},"2":{"name":"(anonymous_2)","decl":{"start":{"line":34,"column":24},"end":{"line":34,"column":25}},"loc":{"start":{"line":34,"column":36},"end":{"line":50,"column":3}},"line":34},"3":{"name":"(anonymous_3)","decl":{"start":{"line":39,"column":15},"end":{"line":39,"column":16}},"loc":{"start":{"line":39,"column":24},"end":{"line":45,"column":7}},"line":39},"4":{"name":"(anonymous_4)","decl":{"start":{"line":48,"column":15},"end":{"line":48,"column":16}},"loc":{"start":{"line":48,"column":24},"end":{"line":48,"column":51}},"line":48},"5":{"name":"(anonymous_5)","decl":{"start":{"line":52,"column":16},"end":{"line":52,"column":17}},"loc":{"start":{"line":52,"column":59},"end":{"line":75,"column":3}},"line":52},"6":{"name":"(anonymous_6)","decl":{"start":{"line":77,"column":17},"end":{"line":77,"column":18}},"loc":{"start":{"line":77,"column":74},"end":{"line":98,"column":3}},"line":77},"7":{"name":"(anonymous_7)","decl":{"start":{"line":100,"column":17},"end":{"line":100,"column":18}},"loc":{"start":{"line":100,"column":29},"end":{"line":117,"column":3}},"line":100},"8":{"name":"useAuth","decl":{"start":{"line":126,"column":16},"end":{"line":126,"column":23}},"loc":{"start":{"line":126,"column":26},"end":{"line":132,"column":1}},"line":126}},"branchMap":{"0":{"loc":{"start":{"line":128,"column":2},"end":{"line":130,"column":3}},"type":"if","locations":[{"start":{"line":128,"column":2},"end":{"line":130,"column":3}},{"start":{},"end":{}}],"line":128}},"s":{"0":4,"1":4,"2":4,"3":3,"4":4,"5":3,"6":3,"7":3,"8":3,"9":3,"10":0,"11":0,"12":0,"13":4,"14":0,"15":0,"16":0,"17":0,"18":0,"19":0,"20":0,"21":0,"22":0,"23":4,"24":0,"25":0,"26":0,"27":0,"28":0,"29":0,"30":0,"31":0,"32":0,"33":4,"34":0,"35":0,"36":0,"37":0,"38":0,"39":0,"40":0,"41":4,"42":14,"43":12,"44":8,"45":4},"f":{"0":4,"1":3,"2":3,"3":3,"4":0,"5":0,"6":0,"7":0,"8":14},"b":{"0":[8,4]},"_coverageSchema":"1a1c01bbd47fc00a2c39e90264f33305004495a9","hash":"e32aef8369657be7a4d9ff4e70a8293449c44a8f"}
,"/home/runner/workspace/context/ThemeContext.tsx": {"path":"/home/runner/workspace/context/ThemeContext.tsx","statementMap":{"0":{"start":{"line":14,"column":21},"end":{"line":19,"column":2}},"1":{"start":{"line":21,"column":24},"end":{"line":21,"column":54}},"2":{"start":{"line":21,"column":30},"end":{"line":21,"column":54}},"3":{"start":{"line":23,"column":70},"end":{"line":50,"column":1}},"4":{"start":{"line":24,"column":22},"end":{"line":24,"column":38}},"5":{"start":{"line":25,"column":28},"end":{"line":25,"column":86}},"6":{"start":{"line":28,"column":2},"end":{"line":32,"column":20}},"7":{"start":{"line":29,"column":4},"end":{"line":31,"column":5}},"8":{"start":{"line":30,"column":6},"end":{"line":30,"column":58}},"9":{"start":{"line":34,"column":22},"end":{"line":36,"column":3}},"10":{"start":{"line":35,"column":4},"end":{"line":35,"column":60}},"11":{"start":{"line":35,"column":22},"end":{"line":35,"column":57}},"12":{"start":{"line":38,"column":16},"end":{"line":43,"column":3}},"13":{"start":{"line":45,"column":2},"end":{"line":49,"column":4}}},"fnMap":{"0":{"name":"(anonymous_0)","decl":{"start":{"line":17,"column":15},"end":{"line":17,"column":16}},"loc":{"start":{"line":17,"column":21},"end":{"line":17,"column":23}},"line":17},"1":{"name":"(anonymous_1)","decl":{"start":{"line":18,"column":12},"end":{"line":18,"column":13}},"loc":{"start":{"line":18,"column":18},"end":{"line":18,"column":20}},"line":18},"2":{"name":"(anonymous_2)","decl":{"start":{"line":21,"column":24},"end":{"line":21,"column":25}},"loc":{"start":{"line":21,"column":30},"end":{"line":21,"column":54}},"line":21},"3":{"name":"(anonymous_3)","decl":{"start":{"line":23,"column":70},"end":{"line":23,"column":71}},"loc":{"start":{"line":23,"column":88},"end":{"line":50,"column":1}},"line":23},"4":{"name":"(anonymous_4)","decl":{"start":{"line":28,"column":12},"end":{"line":28,"column":13}},"loc":{"start":{"line":28,"column":18},"end":{"line":32,"column":3}},"line":28},"5":{"name":"(anonymous_5)","decl":{"start":{"line":34,"column":22},"end":{"line":34,"column":23}},"loc":{"start":{"line":34,"column":28},"end":{"line":36,"column":3}},"line":34},"6":{"name":"(anonymous_6)","decl":{"start":{"line":35,"column":13},"end":{"line":35,"column":14}},"loc":{"start":{"line":35,"column":22},"end":{"line":35,"column":57}},"line":35}},"branchMap":{"0":{"loc":{"start":{"line":25,"column":44},"end":{"line":25,"column":85}},"type":"cond-expr","locations":[{"start":{"line":25,"column":69},"end":{"line":25,"column":75}},{"start":{"line":25,"column":78},"end":{"line":25,"column":85}}],"line":25},"1":{"loc":{"start":{"line":29,"column":4},"end":{"line":31,"column":5}},"type":"if","locations":[{"start":{"line":29,"column":4},"end":{"line":31,"column":5}},{"start":{},"end":{}}],"line":29},"2":{"loc":{"start":{"line":30,"column":15},"end":{"line":30,"column":56}},"type":"cond-expr","locations":[{"start":{"line":30,"column":40},"end":{"line":30,"column":46}},{"start":{"line":30,"column":49},"end":{"line":30,"column":56}}],"line":30},"3":{"loc":{"start":{"line":35,"column":22},"end":{"line":35,"column":57}},"type":"cond-expr","locations":[{"start":{"line":35,"column":41},"end":{"line":35,"column":47}},{"start":{"line":35,"column":50},"end":{"line":35,"column":57}}],"line":35},"4":{"loc":{"start":{"line":40,"column":12},"end":{"line":40,"column":54}},"type":"cond-expr","locations":[{"start":{"line":40,"column":32},"end":{"line":40,"column":42}},{"start":{"line":40,"column":45},"end":{"line":40,"column":54}}],"line":40}},"s":{"0":7,"1":7,"2":7,"3":7,"4":8,"5":8,"6":8,"7":4,"8":4,"9":8,"10":0,"11":0,"12":8,"13":8},"f":{"0":0,"1":0,"2":7,"3":8,"4":4,"5":0,"6":0},"b":{"0":[0,8],"1":[4,0],"2":[0,4],"3":[0,0],"4":[8,0]},"_coverageSchema":"1a1c01bbd47fc00a2c39e90264f33305004495a9","hash":"2e88ce58d4c64f7e6bfb09888686fce8e1776706"}
,"/home/runner/workspace/context/TherapyContext.tsx": {"path":"/home/runner/workspace/context/TherapyContext.tsx","statementMap":{"0":{"start":{"line":26,"column":23},"end":{"line":26,"column":69}},"1":{"start":{"line":29,"column":34},"end":{"line":29,"column":57}},"2":{"start":{"line":30,"column":48},"end":{"line":30,"column":63}},"3":{"start":{"line":31,"column":50},"end":{"line":31,"column":61}},"4":{"start":{"line":32,"column":42},"end":{"line":32,"column":53}},"5":{"start":{"line":33,"column":36},"end":{"line":33,"column":45}},"6":{"start":{"line":34,"column":20},"end":{"line":34,"column":44}},"7":{"start":{"line":35,"column":52},"end":{"line":35,"column":63}},"8":{"start":{"line":37,"column":2},"end":{"line":39,"column":9}},"9":{"start":{"line":38,"column":4},"end":{"line":38,"column":19}},"10":{"start":{"line":41,"column":23},"end":{"line":53,"column":3}},"11":{"start":{"line":42,"column":4},"end":{"line":52,"column":5}},"12":{"start":{"line":43,"column":19},"end":{"line":43,"column":65}},"13":{"start":{"line":44,"column":25},"end":{"line":44,"column":60}},"14":{"start":{"line":46,"column":6},"end":{"line":49,"column":7}},"15":{"start":{"line":47,"column":24},"end":{"line":47,"column":64}},"16":{"start":{"line":48,"column":8},"end":{"line":48,"column":41}},"17":{"start":{"line":51,"column":6},"end":{"line":51,"column":55}},"18":{"start":{"line":55,"column":23},"end":{"line":62,"column":3}},"19":{"start":{"line":56,"column":4},"end":{"line":61,"column":5}},"20":{"start":{"line":57,"column":19},"end":{"line":57,"column":65}},"21":{"start":{"line":58,"column":6},"end":{"line":58,"column":77}},"22":{"start":{"line":60,"column":6},"end":{"line":60,"column":55}},"23":{"start":{"line":64,"column":22},"end":{"line":120,"column":3}},"24":{"start":{"line":65,"column":4},"end":{"line":65,"column":32}},"25":{"start":{"line":65,"column":25},"end":{"line":65,"column":32}},"26":{"start":{"line":67,"column":33},"end":{"line":73,"column":5}},"27":{"start":{"line":75,"column":4},"end":{"line":75,"column":48}},"28":{"start":{"line":75,"column":24},"end":{"line":75,"column":46}},"29":{"start":{"line":76,"column":4},"end":{"line":76,"column":29}},"30":{"start":{"line":77,"column":4},"end":{"line":77,"column":38}},"31":{"start":{"line":77,"column":28},"end":{"line":77,"column":36}},"32":{"start":{"line":79,"column":4},"end":{"line":81,"column":5}},"33":{"start":{"line":80,"column":6},"end":{"line":80,"column":58}},"34":{"start":{"line":80,"column":35},"end":{"line":80,"column":56}},"35":{"start":{"line":83,"column":4},"end":{"line":119,"column":5}},"36":{"start":{"line":84,"column":23},"end":{"line":94,"column":8}},"37":{"start":{"line":96,"column":6},"end":{"line":96,"column":69}},"38":{"start":{"line":96,"column":24},"end":{"line":96,"column":69}},"39":{"start":{"line":98,"column":34},"end":{"line":104,"column":7}},"40":{"start":{"line":106,"column":30},"end":{"line":106,"column":68}},"41":{"start":{"line":107,"column":6},"end":{"line":107,"column":35}},"42":{"start":{"line":108,"column":6},"end":{"line":108,"column":42}},"43":{"start":{"line":110,"column":6},"end":{"line":116,"column":8}},"44":{"start":{"line":111,"column":8},"end":{"line":115,"column":9}},"45":{"start":{"line":112,"column":10},"end":{"line":114,"column":17}},"46":{"start":{"line":118,"column":6},"end":{"line":118,"column":32}},"47":{"start":{"line":122,"column":23},"end":{"line":131,"column":3}},"48":{"start":{"line":123,"column":20},"end":{"line":123,"column":58}},"49":{"start":{"line":123,"column":39},"end":{"line":123,"column":57}},"50":{"start":{"line":124,"column":4},"end":{"line":124,"column":25}},"51":{"start":{"line":124,"column":18},"end":{"line":124,"column":25}},"52":{"start":{"line":126,"column":4},"end":{"line":128,"column":6}},"53":{"start":{"line":127,"column":6},"end":{"line":127,"column":42}},"54":{"start":{"line":127,"column":23},"end":{"line":127,"column":41}},"55":{"start":{"line":130,"column":4},"end":{"line":130,"column":39}},"56":{"start":{"line":133,"column":24},"end":{"line":136,"column":3}},"57":{"start":{"line":134,"column":4},"end":{"line":134,"column":20}},"58":{"start":{"line":135,"column":4},"end":{"line":135,"column":27}},"59":{"start":{"line":138,"column":23},"end":{"line":142,"column":3}},"60":{"start":{"line":144,"column":16},"end":{"line":155,"column":3}},"61":{"start":{"line":157,"column":2},"end":{"line":161,"column":4}},"62":{"start":{"line":165,"column":18},"end":{"line":165,"column":44}},"63":{"start":{"line":166,"column":2},"end":{"line":168,"column":3}},"64":{"start":{"line":167,"column":4},"end":{"line":167,"column":72}},"65":{"start":{"line":169,"column":2},"end":{"line":169,"column":17}}},"fnMap":{"0":{"name":"TherapyProvider","decl":{"start":{"line":28,"column":16},"end":{"line":28,"column":31}},"loc":{"start":{"line":28,"column":77},"end":{"line":162,"column":1}},"line":28},"1":{"name":"(anonymous_1)","decl":{"start":{"line":37,"column":12},"end":{"line":37,"column":13}},"loc":{"start":{"line":37,"column":18},"end":{"line":39,"column":3}},"line":37},"2":{"name":"(anonymous_2)","decl":{"start":{"line":41,"column":23},"end":{"line":41,"column":24}},"loc":{"start":{"line":41,"column":35},"end":{"line":53,"column":3}},"line":41},"3":{"name":"(anonymous_3)","decl":{"start":{"line":55,"column":23},"end":{"line":55,"column":24}},"loc":{"start":{"line":55,"column":57},"end":{"line":62,"column":3}},"line":55},"4":{"name":"(anonymous_4)","decl":{"start":{"line":64,"column":22},"end":{"line":64,"column":23}},"loc":{"start":{"line":64,"column":49},"end":{"line":120,"column":3}},"line":64},"5":{"name":"(anonymous_5)","decl":{"start":{"line":75,"column":16},"end":{"line":75,"column":17}},"loc":{"start":{"line":75,"column":24},"end":{"line":75,"column":46}},"line":75},"6":{"name":"(anonymous_6)","decl":{"start":{"line":77,"column":20},"end":{"line":77,"column":21}},"loc":{"start":{"line":77,"column":28},"end":{"line":77,"column":36}},"line":77},"7":{"name":"(anonymous_7)","decl":{"start":{"line":80,"column":27},"end":{"line":80,"column":28}},"loc":{"start":{"line":80,"column":35},"end":{"line":80,"column":56}},"line":80},"8":{"name":"(anonymous_8)","decl":{"start":{"line":110,"column":18},"end":{"line":110,"column":19}},"loc":{"start":{"line":111,"column":8},"end":{"line":115,"column":9}},"line":111},"9":{"name":"(anonymous_9)","decl":{"start":{"line":111,"column":17},"end":{"line":111,"column":18}},"loc":{"start":{"line":112,"column":10},"end":{"line":114,"column":17}},"line":112},"10":{"name":"(anonymous_10)","decl":{"start":{"line":122,"column":23},"end":{"line":122,"column":24}},"loc":{"start":{"line":122,"column":52},"end":{"line":131,"column":3}},"line":122},"11":{"name":"(anonymous_11)","decl":{"start":{"line":123,"column":34},"end":{"line":123,"column":35}},"loc":{"start":{"line":123,"column":39},"end":{"line":123,"column":57}},"line":123},"12":{"name":"(anonymous_12)","decl":{"start":{"line":126,"column":16},"end":{"line":126,"column":17}},"loc":{"start":{"line":127,"column":6},"end":{"line":127,"column":42}},"line":127},"13":{"name":"(anonymous_13)","decl":{"start":{"line":127,"column":18},"end":{"line":127,"column":19}},"loc":{"start":{"line":127,"column":23},"end":{"line":127,"column":41}},"line":127},"14":{"name":"(anonymous_14)","decl":{"start":{"line":133,"column":24},"end":{"line":133,"column":25}},"loc":{"start":{"line":133,"column":36},"end":{"line":136,"column":3}},"line":133},"15":{"name":"useTherapy","decl":{"start":{"line":164,"column":16},"end":{"line":164,"column":26}},"loc":{"start":{"line":164,"column":29},"end":{"line":170,"column":1}},"line":164}},"branchMap":{"0":{"loc":{"start":{"line":34,"column":20},"end":{"line":34,"column":44}},"type":"binary-expr","locations":[{"start":{"line":34,"column":20},"end":{"line":34,"column":35}},{"start":{"line":34,"column":39},"end":{"line":34,"column":44}}],"line":34},"1":{"loc":{"start":{"line":46,"column":6},"end":{"line":49,"column":7}},"type":"if","locations":[{"start":{"line":46,"column":6},"end":{"line":49,"column":7}},{"start":{},"end":{}}],"line":46},"2":{"loc":{"start":{"line":65,"column":4},"end":{"line":65,"column":32}},"type":"if","locations":[{"start":{"line":65,"column":4},"end":{"line":65,"column":32}},{"start":{},"end":{}}],"line":65},"3":{"loc":{"start":{"line":79,"column":4},"end":{"line":81,"column":5}},"type":"if","locations":[{"start":{"line":79,"column":4},"end":{"line":81,"column":5}},{"start":{},"end":{}}],"line":79},"4":{"loc":{"start":{"line":96,"column":6},"end":{"line":96,"column":69}},"type":"if","locations":[{"start":{"line":96,"column":6},"end":{"line":96,"column":69}},{"start":{},"end":{}}],"line":96},"5":{"loc":{"start":{"line":112,"column":10},"end":{"line":114,"column":17}},"type":"cond-expr","locations":[{"start":{"line":113,"column":14},"end":{"line":113,"column":41}},{"start":{"line":114,"column":14},"end":{"line":114,"column":17}}],"line":112},"6":{"loc":{"start":{"line":124,"column":4},"end":{"line":124,"column":25}},"type":"if","locations":[{"start":{"line":124,"column":4},"end":{"line":124,"column":25}},{"start":{},"end":{}}],"line":124},"7":{"loc":{"start":{"line":166,"column":2},"end":{"line":168,"column":3}},"type":"if","locations":[{"start":{"line":166,"column":2},"end":{"line":168,"column":3}},{"start":{},"end":{}}],"line":166}},"s":{"0":3,"1":8,"2":8,"3":8,"4":8,"5":8,"6":0,"7":0,"8":0,"9":0,"10":0,"11":0,"12":0,"13":0,"14":0,"15":0,"16":0,"17":0,"18":0,"19":0,"20":0,"21":0,"22":0,"23":0,"24":0,"25":0,"26":0,"27":0,"28":0,"29":0,"30":0,"31":0,"32":0,"33":0,"34":0,"35":0,"36":0,"37":0,"38":0,"39":0,"40":0,"41":0,"42":0,"43":0,"44":0,"45":0,"46":0,"47":0,"48":0,"49":0,"50":0,"51":0,"52":0,"53":0,"54":0,"55":0,"56":0,"57":0,"58":0,"59":0,"60":0,"61":0,"62":0,"63":0,"64":0,"65":0},"f":{"0":8,"1":0,"2":0,"3":0,"4":0,"5":0,"6":0,"7":0,"8":0,"9":0,"10":0,"11":0,"12":0,"13":0,"14":0,"15":0},"b":{"0":[0,0],"1":[0,0],"2":[0,0],"3":[0,0],"4":[0,0],"5":[0,0],"6":[0,0],"7":[0,0]},"_coverageSchema":"1a1c01bbd47fc00a2c39e90264f33305004495a9","hash":"e4efa130e20fa4b4a46aea05b3821138f1fd2a67"}
,"/home/runner/workspace/hooks/useFrameworkReady.ts": {"path":"/home/runner/workspace/hooks/useFrameworkReady.ts","statementMap":{"0":{"start":{"line":10,"column":2},"end":{"line":12,"column":5}},"1":{"start":{"line":11,"column":4},"end":{"line":11,"column":30}}},"fnMap":{"0":{"name":"useFrameworkReady","decl":{"start":{"line":9,"column":16},"end":{"line":9,"column":33}},"loc":{"start":{"line":9,"column":36},"end":{"line":13,"column":1}},"line":9},"1":{"name":"(anonymous_1)","decl":{"start":{"line":10,"column":12},"end":{"line":10,"column":13}},"loc":{"start":{"line":10,"column":18},"end":{"line":12,"column":3}},"line":10}},"branchMap":{},"s":{"0":4,"1":4},"f":{"0":4,"1":4},"b":{},"_coverageSchema":"1a1c01bbd47fc00a2c39e90264f33305004495a9","hash":"677b05eefc8a42da4fdbbb95c3638d862db9ca2b"}
,"/home/runner/workspace/types/index.ts": {"path":"/home/runner/workspace/types/index.ts","statementMap":{},"fnMap":{},"branchMap":{},"s":{},"f":{},"b":{}}
,"/home/runner/workspace/utils/api.ts": {"path":"/home/runner/workspace/utils/api.ts","statementMap":{"0":{"start":{"line":4,"column":16},"end":{"line":4,"column":44}},"1":{"start":{"line":8,"column":4},"end":{"line":8,"column":55}},"2":{"start":{"line":12,"column":18},"end":{"line":12,"column":43}},"3":{"start":{"line":14,"column":20},"end":{"line":18,"column":5}},"4":{"start":{"line":20,"column":4},"end":{"line":34,"column":5}},"5":{"start":{"line":21,"column":23},"end":{"line":24,"column":8}},"6":{"start":{"line":26,"column":6},"end":{"line":28,"column":7}},"7":{"start":{"line":27,"column":8},"end":{"line":27,"column":57}},"8":{"start":{"line":30,"column":6},"end":{"line":30,"column":35}},"9":{"start":{"line":32,"column":6},"end":{"line":32,"column":50}},"10":{"start":{"line":33,"column":6},"end":{"line":33,"column":18}}},"fnMap":{"0":{"name":"(anonymous_0)","decl":{"start":{"line":7,"column":2},"end":{"line":7,"column":3}},"loc":{"start":{"line":7,"column":62},"end":{"line":9,"column":3}},"line":7},"1":{"name":"(anonymous_1)","decl":{"start":{"line":11,"column":2},"end":{"line":11,"column":3}},"loc":{"start":{"line":11,"column":68},"end":{"line":35,"column":3}},"line":11}},"branchMap":{"0":{"loc":{"start":{"line":11,"column":41},"end":{"line":11,"column":66}},"type":"default-arg","locations":[{"start":{"line":11,"column":64},"end":{"line":11,"column":66}}],"line":11},"1":{"loc":{"start":{"line":16,"column":10},"end":{"line":16,"column":55}},"type":"binary-expr","locations":[{"start":{"line":16,"column":10},"end":{"line":16,"column":15}},{"start":{"line":16,"column":19},"end":{"line":16,"column":55}}],"line":16},"2":{"loc":{"start":{"line":26,"column":6},"end":{"line":28,"column":7}},"type":"if","locations":[{"start":{"line":26,"column":6},"end":{"line":28,"column":7}},{"start":{},"end":{}}],"line":26}},"s":{"0":1,"1":2,"2":2,"3":2,"4":2,"5":2,"6":2,"7":1,"8":1,"9":1,"10":1},"f":{"0":2,"1":2},"b":{"0":[2],"1":[2,1],"2":[1,1]},"_coverageSchema":"1a1c01bbd47fc00a2c39e90264f33305004495a9","hash":"7425a78f80e2ceee7f4cd172a22edce60ba86962"}
,"/home/runner/workspace/utils/performance.ts": {"path":"/home/runner/workspace/utils/performance.ts","statementMap":{"0":{"start":{"line":13,"column":39},"end":{"line":13,"column":43}},"1":{"start":{"line":14,"column":17},"end":{"line":14,"column":18}},"2":{"start":{"line":16,"column":2},"end":{"line":34,"column":4}},"3":{"start":{"line":17,"column":16},"end":{"line":17,"column":26}},"4":{"start":{"line":18,"column":22},"end":{"line":18,"column":45}},"5":{"start":{"line":20,"column":4},"end":{"line":33,"column":5}},"6":{"start":{"line":21,"column":6},"end":{"line":24,"column":7}},"7":{"start":{"line":22,"column":8},"end":{"line":22,"column":30}},"8":{"start":{"line":23,"column":8},"end":{"line":23,"column":23}},"9":{"start":{"line":25,"column":6},"end":{"line":25,"column":21}},"10":{"start":{"line":26,"column":6},"end":{"line":26,"column":29}},"11":{"start":{"line":27,"column":11},"end":{"line":33,"column":5}},"12":{"start":{"line":28,"column":6},"end":{"line":32,"column":20}},"13":{"start":{"line":29,"column":8},"end":{"line":29,"column":30}},"14":{"start":{"line":30,"column":8},"end":{"line":30,"column":23}},"15":{"start":{"line":31,"column":8},"end":{"line":31,"column":31}}},"fnMap":{"0":{"name":"throttle","decl":{"start":{"line":9,"column":16},"end":{"line":9,"column":24}},"loc":{"start":{"line":12,"column":36},"end":{"line":35,"column":1}},"line":12},"1":{"name":"throttled","decl":{"start":{"line":16,"column":18},"end":{"line":16,"column":27}},"loc":{"start":{"line":16,"column":63},"end":{"line":34,"column":3}},"line":16},"2":{"name":"(anonymous_2)","decl":{"start":{"line":28,"column":27},"end":{"line":28,"column":28}},"loc":{"start":{"line":28,"column":33},"end":{"line":32,"column":7}},"line":28}},"branchMap":{"0":{"loc":{"start":{"line":20,"column":4},"end":{"line":33,"column":5}},"type":"if","locations":[{"start":{"line":20,"column":4},"end":{"line":33,"column":5}},{"start":{"line":27,"column":11},"end":{"line":33,"column":5}}],"line":20},"1":{"loc":{"start":{"line":20,"column":8},"end":{"line":20,"column":42}},"type":"binary-expr","locations":[{"start":{"line":20,"column":8},"end":{"line":20,"column":22}},{"start":{"line":20,"column":26},"end":{"line":20,"column":42}}],"line":20},"2":{"loc":{"start":{"line":21,"column":6},"end":{"line":24,"column":7}},"type":"if","locations":[{"start":{"line":21,"column":6},"end":{"line":24,"column":7}},{"start":{},"end":{}}],"line":21},"3":{"loc":{"start":{"line":27,"column":11},"end":{"line":33,"column":5}},"type":"if","locations":[{"start":{"line":27,"column":11},"end":{"line":33,"column":5}},{"start":{},"end":{}}],"line":27}},"s":{"0":0,"1":0,"2":0,"3":0,"4":0,"5":0,"6":0,"7":0,"8":0,"9":0,"10":0,"11":0,"12":0,"13":0,"14":0,"15":0},"f":{"0":0,"1":0,"2":0},"b":{"0":[0,0],"1":[0,0],"2":[0,0],"3":[0,0]},"_coverageSchema":"1a1c01bbd47fc00a2c39e90264f33305004495a9","hash":"9ea20a1e99665f83bc64b6e96061ec95796991ce"}
}
