TN:
SF:expo-env.d.ts
FNF:0
FNH:0
LF:0
LH:0
BRF:0
BRH:0
end_of_record
TN:
SF:.expo/types/router.d.ts
FNF:0
FNH:0
LF:0
LH:0
BRF:0
BRH:0
end_of_record
TN:
SF:app/+not-found.tsx
FN:4,NotFoundScreen
FNF:1
FNH:0
FNDA:0,NotFoundScreen
DA:5,0
DA:18,0
LF:2
LH:0
BRF:0
BRH:0
end_of_record
TN:
SF:app/_layout.tsx
FN:24,RootLayout
FN:37,(anonymous_1)
FNF:2
FNH:1
FNDA:3,RootLayout
FNDA:0,(anonymous_1)
DA:22,1
DA:25,3
DA:26,3
DA:33,3
DA:34,3
DA:37,0
DA:38,0
DA:40,0
DA:45,0
DA:46,0
DA:49,0
LF:11
LH:5
BRDA:33,0,0,3
BRDA:33,0,1,0
BRDA:33,1,0,3
BRDA:33,1,1,0
BRDA:38,2,0,0
BRDA:38,2,1,0
BRDA:38,3,0,0
BRDA:38,3,1,0
BRDA:45,4,0,0
BRDA:45,4,1,0
BRDA:45,5,0,0
BRDA:45,5,1,0
BRF:12
BRH:2
end_of_record
TN:
SF:app/(auth)/_layout.tsx
FN:4,AuthLayout
FNF:1
FNH:1
FNDA:1,AuthLayout
DA:5,1
DA:7,1
LF:2
LH:2
BRF:0
BRH:0
end_of_record
TN:
SF:app/(auth)/login.tsx
FN:9,LoginScreen
FN:17,(anonymous_1)
FN:21,(anonymous_2)
FN:109,(anonymous_3)
FNF:4
FNH:0
FNDA:0,LoginScreen
FNDA:0,(anonymous_1)
FNDA:0,(anonymous_2)
FNDA:0,(anonymous_3)
DA:10,0
DA:11,0
DA:12,0
DA:13,0
DA:14,0
DA:15,0
DA:17,0
DA:18,0
DA:21,0
DA:22,0
DA:23,0
DA:24,0
DA:27,0
DA:28,0
DA:29,0
DA:32,0
DA:33,0
DA:34,0
DA:37,0
DA:38,0
DA:40,0
DA:41,0
DA:42,0
DA:44,0
DA:46,0
DA:50,0
DA:109,0
DA:121,0
LF:28
LH:0
BRDA:22,0,0,0
BRDA:22,0,1,0
BRDA:22,1,0,0
BRDA:22,1,1,0
BRDA:27,2,0,0
BRDA:27,2,1,0
BRDA:32,3,0,0
BRDA:32,3,1,0
BRDA:65,4,0,0
BRDA:65,4,1,0
BRF:10
BRH:0
end_of_record
TN:
SF:app/(auth)/signup.tsx
FN:9,SignupScreen
FN:18,(anonymous_1)
FN:22,(anonymous_2)
FN:126,(anonymous_3)
FNF:4
FNH:0
FNDA:0,SignupScreen
FNDA:0,(anonymous_1)
FNDA:0,(anonymous_2)
FNDA:0,(anonymous_3)
DA:10,0
DA:11,0
DA:12,0
DA:13,0
DA:14,0
DA:15,0
DA:16,0
DA:18,0
DA:19,0
DA:22,0
DA:23,0
DA:24,0
DA:25,0
DA:28,0
DA:29,0
DA:30,0
DA:33,0
DA:34,0
DA:35,0
DA:38,0
DA:39,0
DA:40,0
DA:43,0
DA:44,0
DA:46,0
DA:47,0
DA:48,0
DA:50,0
DA:52,0
DA:56,0
DA:126,0
DA:138,0
LF:32
LH:0
BRDA:23,0,0,0
BRDA:23,0,1,0
BRDA:23,1,0,0
BRDA:23,1,1,0
BRDA:23,1,2,0
BRDA:28,2,0,0
BRDA:28,2,1,0
BRDA:33,3,0,0
BRDA:33,3,1,0
BRDA:38,4,0,0
BRDA:38,4,1,0
BRDA:71,5,0,0
BRDA:71,5,1,0
BRF:13
BRH:0
end_of_record
TN:
SF:app/(tabs)/_layout.tsx
FN:6,TabLayout
FN:33,(anonymous_1)
FN:42,(anonymous_2)
FN:51,(anonymous_3)
FNF:4
FNH:1
FNDA:2,TabLayout
FNDA:0,(anonymous_1)
FNDA:0,(anonymous_2)
FNDA:0,(anonymous_3)
DA:7,2
DA:9,2
DA:34,0
DA:43,0
DA:52,0
LF:5
LH:2
BRDA:17,0,0,2
BRDA:17,0,1,0
BRDA:19,1,0,2
BRDA:19,1,1,0
BRF:4
BRH:2
end_of_record
TN:
SF:app/(tabs)/chat.tsx
FN:28,ChatScreen
FN:48,(anonymous_1)
FN:58,(anonymous_2)
FN:77,(anonymous_3)
FN:84,(anonymous_4)
FN:86,(anonymous_5)
FN:108,(anonymous_6)
FN:122,(anonymous_7)
FN:146,(anonymous_8)
FN:150,(anonymous_9)
FN:165,(anonymous_10)
FN:167,(anonymous_11)
FN:215,(anonymous_12)
FNF:13
FNH:0
FNDA:0,ChatScreen
FNDA:0,(anonymous_1)
FNDA:0,(anonymous_2)
FNDA:0,(anonymous_3)
FNDA:0,(anonymous_4)
FNDA:0,(anonymous_5)
FNDA:0,(anonymous_6)
FNDA:0,(anonymous_7)
FNDA:0,(anonymous_8)
FNDA:0,(anonymous_9)
FNDA:0,(anonymous_10)
FNDA:0,(anonymous_11)
FNDA:0,(anonymous_12)
DA:29,0
DA:30,0
DA:40,0
DA:42,0
DA:43,0
DA:44,0
DA:45,0
DA:48,0
DA:49,0
DA:50,0
DA:51,0
DA:52,0
DA:58,0
DA:59,0
DA:61,0
DA:62,0
DA:63,0
DA:67,0
DA:68,0
DA:69,0
DA:72,0
DA:73,0
DA:74,0
DA:77,0
DA:78,0
DA:79,0
DA:84,0
DA:85,0
DA:86,0
DA:90,0
DA:97,0
DA:108,0
DA:122,0
DA:147,0
DA:150,0
DA:165,0
DA:168,0
DA:215,0
DA:222,0
LF:39
LH:0
BRDA:49,0,0,0
BRDA:49,0,1,0
BRDA:49,1,0,0
BRDA:49,1,1,0
BRDA:51,2,0,0
BRDA:51,2,1,0
BRDA:51,3,0,0
BRDA:51,3,1,0
BRDA:51,3,2,0
BRDA:59,4,0,0
BRDA:59,4,1,0
BRDA:61,5,0,0
BRDA:61,5,1,0
BRDA:67,6,0,0
BRDA:67,6,1,0
BRDA:67,7,0,0
BRDA:67,7,1,0
BRDA:78,8,0,0
BRDA:78,8,1,0
BRDA:78,9,0,0
BRDA:78,9,1,0
BRDA:99,10,0,0
BRDA:99,10,1,0
BRDA:116,11,0,0
BRDA:116,11,1,0
BRDA:121,12,0,0
BRDA:121,12,1,0
BRDA:133,13,0,0
BRDA:133,13,1,0
BRDA:134,14,0,0
BRDA:134,14,1,0
BRDA:136,15,0,0
BRDA:136,15,1,0
BRDA:172,16,0,0
BRDA:172,16,1,0
BRDA:188,17,0,0
BRDA:188,17,1,0
BRDA:205,18,0,0
BRDA:205,18,1,0
BRDA:320,19,0,0
BRDA:320,19,1,0
BRF:41
BRH:0
end_of_record
TN:
SF:app/(tabs)/index.tsx
FN:12,HomeScreen
FN:16,(anonymous_1)
FN:23,(anonymous_2)
FN:57,(anonymous_3)
FN:75,(anonymous_4)
FN:78,(anonymous_5)
FN:94,(anonymous_6)
FN:114,(anonymous_7)
FN:126,(anonymous_8)
FNF:9
FNH:0
FNDA:0,HomeScreen
FNDA:0,(anonymous_1)
FNDA:0,(anonymous_2)
FNDA:0,(anonymous_3)
FNDA:0,(anonymous_4)
FNDA:0,(anonymous_5)
FNDA:0,(anonymous_6)
FNDA:0,(anonymous_7)
FNDA:0,(anonymous_8)
DA:13,0
DA:14,0
DA:16,0
DA:17,0
DA:23,0
DA:24,0
DA:25,0
DA:26,0
DA:27,0
DA:30,0
DA:57,0
DA:76,0
DA:78,0
DA:94,0
DA:114,0
DA:126,0
DA:140,0
LF:17
LH:0
BRDA:25,0,0,0
BRDA:25,0,1,0
BRDA:26,1,0,0
BRDA:26,1,1,0
BRDA:32,2,0,0
BRDA:32,2,1,0
BRDA:43,3,0,0
BRDA:43,3,1,0
BRDA:43,4,0,0
BRDA:43,4,1,0
BRF:10
BRH:0
end_of_record
TN:
SF:app/(tabs)/profile.tsx
FN:21,ProfileScreen
FN:29,(anonymous_1)
FN:40,(anonymous_2)
FN:50,(anonymous_3)
FN:55,(anonymous_4)
FN:60,(anonymous_5)
FN:226,(anonymous_6)
FN:241,(anonymous_7)
FN:256,(anonymous_8)
FN:299,(anonymous_9)
FN:307,(anonymous_10)
FNF:11
FNH:0
FNDA:0,ProfileScreen
FNDA:0,(anonymous_1)
FNDA:0,(anonymous_2)
FNDA:0,(anonymous_3)
FNDA:0,(anonymous_4)
FNDA:0,(anonymous_5)
FNDA:0,(anonymous_6)
FNDA:0,(anonymous_7)
FNDA:0,(anonymous_8)
FNDA:0,(anonymous_9)
FNDA:0,(anonymous_10)
DA:22,0
DA:23,0
DA:24,0
DA:26,0
DA:27,0
DA:29,0
DA:30,0
DA:41,0
DA:42,0
DA:50,0
DA:51,0
DA:52,0
DA:55,0
DA:57,0
DA:60,0
DA:61,0
DA:65,0
DA:72,0
DA:226,0
DA:241,0
DA:256,0
DA:299,0
DA:307,0
DA:321,0
LF:24
LH:0
BRDA:65,0,0,0
BRDA:65,0,1,0
BRDA:74,1,0,0
BRDA:74,1,1,0
BRDA:86,2,0,0
BRDA:86,2,1,0
BRDA:92,3,0,0
BRDA:92,3,1,0
BRDA:104,4,0,0
BRDA:104,4,1,0
BRDA:107,5,0,0
BRDA:107,5,1,0
BRDA:150,6,0,0
BRDA:150,6,1,0
BRDA:151,7,0,0
BRDA:151,7,1,0
BRDA:155,8,0,0
BRDA:155,8,1,0
BRDA:164,9,0,0
BRDA:164,9,1,0
BRDA:192,10,0,0
BRDA:192,10,1,0
BRDA:209,11,0,0
BRDA:209,11,1,0
BRF:24
BRH:0
end_of_record
TN:
SF:assets/images/therapy_modes.ts
FNF:0
FNH:0
DA:8,1
LF:1
LH:1
BRF:0
BRH:0
end_of_record
TN:
SF:components/ErrorBoundary.tsx
FN:18,(anonymous_0)
FN:22,(anonymous_1)
FN:26,(anonymous_2)
FN:30,(anonymous_3)
FNF:4
FNH:4
FNDA:10,(anonymous_0)
FNDA:1,(anonymous_1)
FNDA:5,(anonymous_2)
FNDA:20,(anonymous_3)
DA:16,8
DA:19,10
DA:22,8
DA:23,1
DA:27,5
DA:31,20
DA:32,10
DA:45,10
DA:49,2
LF:9
LH:9
BRDA:31,0,0,10
BRDA:31,0,1,10
BRF:2
BRH:2
end_of_record
TN:
SF:components/Chat/MessageBubble.tsx
FN:10,MessageBubble
FNF:1
FNH:0
FNDA:0,MessageBubble
DA:11,0
DA:12,0
DA:14,0
DA:36,0
LF:4
LH:0
BRDA:17,0,0,0
BRDA:17,0,1,0
BRDA:21,1,0,0
BRDA:21,1,1,0
BRDA:27,2,0,0
BRDA:27,2,1,0
BRF:6
BRH:0
end_of_record
TN:
SF:components/CrisisIntervention/CrisisAlert.tsx
FN:11,CrisisAlert
FN:14,(anonymous_1)
FN:30,(anonymous_2)
FN:36,(anonymous_3)
FNF:4
FNH:3
FNDA:2,CrisisAlert
FNDA:1,(anonymous_1)
FNDA:1,(anonymous_2)
FNDA:0,(anonymous_3)
DA:6,1
DA:12,2
DA:14,2
DA:15,1
DA:16,1
DA:18,0
DA:22,2
DA:30,1
DA:36,0
DA:44,1
LF:10
LH:8
BRF:0
BRH:0
end_of_record
TN:
SF:components/UI/Card.tsx
FN:11,Card
FNF:1
FNH:0
FNDA:0,Card
DA:12,0
DA:14,0
DA:33,0
LF:3
LH:0
BRF:0
BRH:0
end_of_record
TN:
SF:components/UI/Container.tsx
FN:9,(anonymous_0)
FNF:1
FNH:0
FNDA:0,(anonymous_0)
DA:9,1
DA:10,0
DA:12,0
DA:19,1
LF:4
LH:2
BRF:0
BRH:0
end_of_record
TN:
SF:components/UI/EmergencyResourceButton.tsx
FN:10,EmergencyResourceButton
FNF:1
FNH:1
FNDA:2,EmergencyResourceButton
DA:11,2
DA:13,2
DA:14,0
DA:26,2
DA:45,1
LF:5
LH:4
BRDA:10,0,0,2
BRDA:13,1,0,0
BRDA:13,1,1,2
BRF:3
BRH:2
end_of_record
TN:
SF:components/UI/TherapyModePicker.tsx
FN:11,TherapyModePicker
FN:27,(anonymous_1)
FN:31,(anonymous_2)
FNF:3
FNH:0
FNDA:0,TherapyModePicker
FNDA:0,(anonymous_1)
FNDA:0,(anonymous_2)
DA:12,0
DA:14,0
DA:28,0
DA:32,0
DA:65,1
LF:5
LH:1
BRF:0
BRH:0
end_of_record
TN:
SF:constants/Colors.ts
FNF:0
FNH:0
DA:1,7
DA:82,7
LF:2
LH:2
BRF:0
BRH:0
end_of_record
TN:
SF:context/AuthContext.tsx
FN:21,AuthProvider
FN:30,(anonymous_1)
FN:34,(anonymous_2)
FN:39,(anonymous_3)
FN:48,(anonymous_4)
FN:52,(anonymous_5)
FN:77,(anonymous_6)
FN:100,(anonymous_7)
FN:126,useAuth
FNF:9
FNH:5
FNDA:4,AuthProvider
FNDA:3,(anonymous_1)
FNDA:3,(anonymous_2)
FNDA:3,(anonymous_3)
FNDA:0,(anonymous_4)
FNDA:0,(anonymous_5)
FNDA:0,(anonymous_6)
FNDA:0,(anonymous_7)
FNDA:14,useAuth
DA:19,4
DA:22,4
DA:30,4
DA:31,3
DA:34,4
DA:35,3
DA:36,3
DA:37,3
DA:39,3
DA:47,0
DA:48,0
DA:52,4
DA:53,0
DA:54,0
DA:59,0
DA:60,0
DA:61,0
DA:63,0
DA:70,0
DA:72,0
DA:73,0
DA:77,4
DA:78,0
DA:80,0
DA:82,0
DA:83,0
DA:84,0
DA:86,0
DA:93,0
DA:95,0
DA:96,0
DA:100,4
DA:101,0
DA:102,0
DA:103,0
DA:105,0
DA:112,0
DA:114,0
DA:115,0
DA:119,4
DA:127,14
DA:128,12
DA:129,8
DA:131,4
LF:44
LH:17
BRDA:128,0,0,8
BRDA:128,0,1,4
BRF:2
BRH:2
end_of_record
TN:
SF:context/ThemeContext.tsx
FN:17,(anonymous_0)
FN:18,(anonymous_1)
FN:21,(anonymous_2)
FN:23,(anonymous_3)
FN:28,(anonymous_4)
FN:34,(anonymous_5)
FN:35,(anonymous_6)
FNF:7
FNH:3
FNDA:0,(anonymous_0)
FNDA:0,(anonymous_1)
FNDA:7,(anonymous_2)
FNDA:8,(anonymous_3)
FNDA:4,(anonymous_4)
FNDA:0,(anonymous_5)
FNDA:0,(anonymous_6)
DA:14,7
DA:21,7
DA:23,7
DA:24,8
DA:25,8
DA:28,8
DA:29,4
DA:30,4
DA:34,8
DA:35,0
DA:38,8
DA:45,8
LF:12
LH:11
BRDA:25,0,0,0
BRDA:25,0,1,8
BRDA:29,1,0,4
BRDA:29,1,1,0
BRDA:30,2,0,0
BRDA:30,2,1,4
BRDA:35,3,0,0
BRDA:35,3,1,0
BRDA:40,4,0,8
BRDA:40,4,1,0
BRF:10
BRH:4
end_of_record
TN:
SF:context/TherapyContext.tsx
FN:28,TherapyProvider
FN:37,(anonymous_1)
FN:41,(anonymous_2)
FN:55,(anonymous_3)
FN:64,(anonymous_4)
FN:75,(anonymous_5)
FN:77,(anonymous_6)
FN:80,(anonymous_7)
FN:110,(anonymous_8)
FN:111,(anonymous_9)
FN:122,(anonymous_10)
FN:123,(anonymous_11)
FN:126,(anonymous_12)
FN:127,(anonymous_13)
FN:133,(anonymous_14)
FN:164,useTherapy
FNF:16
FNH:1
FNDA:8,TherapyProvider
FNDA:0,(anonymous_1)
FNDA:0,(anonymous_2)
FNDA:0,(anonymous_3)
FNDA:0,(anonymous_4)
FNDA:0,(anonymous_5)
FNDA:0,(anonymous_6)
FNDA:0,(anonymous_7)
FNDA:0,(anonymous_8)
FNDA:0,(anonymous_9)
FNDA:0,(anonymous_10)
FNDA:0,(anonymous_11)
FNDA:0,(anonymous_12)
FNDA:0,(anonymous_13)
FNDA:0,(anonymous_14)
FNDA:0,useTherapy
DA:26,3
DA:29,8
DA:30,8
DA:31,8
DA:32,8
DA:33,8
DA:34,0
DA:35,0
DA:37,0
DA:38,0
DA:41,0
DA:42,0
DA:43,0
DA:44,0
DA:46,0
DA:47,0
DA:48,0
DA:51,0
DA:55,0
DA:56,0
DA:57,0
DA:58,0
DA:60,0
DA:64,0
DA:65,0
DA:67,0
DA:75,0
DA:76,0
DA:77,0
DA:79,0
DA:80,0
DA:83,0
DA:84,0
DA:96,0
DA:98,0
DA:106,0
DA:107,0
DA:108,0
DA:110,0
DA:111,0
DA:112,0
DA:118,0
DA:122,0
DA:123,0
DA:124,0
DA:126,0
DA:127,0
DA:130,0
DA:133,0
DA:134,0
DA:135,0
DA:138,0
DA:144,0
DA:157,0
DA:165,0
DA:166,0
DA:167,0
DA:169,0
LF:58
LH:6
BRDA:34,0,0,0
BRDA:34,0,1,0
BRDA:46,1,0,0
BRDA:46,1,1,0
BRDA:65,2,0,0
BRDA:65,2,1,0
BRDA:79,3,0,0
BRDA:79,3,1,0
BRDA:96,4,0,0
BRDA:96,4,1,0
BRDA:112,5,0,0
BRDA:112,5,1,0
BRDA:124,6,0,0
BRDA:124,6,1,0
BRDA:166,7,0,0
BRDA:166,7,1,0
BRF:16
BRH:0
end_of_record
TN:
SF:hooks/useFrameworkReady.ts
FN:9,useFrameworkReady
FN:10,(anonymous_1)
FNF:2
FNH:2
FNDA:4,useFrameworkReady
FNDA:4,(anonymous_1)
DA:10,4
DA:11,4
LF:2
LH:2
BRF:0
BRH:0
end_of_record
TN:
SF:types/index.ts
FNF:0
FNH:0
LF:0
LH:0
BRF:0
BRH:0
end_of_record
TN:
SF:utils/api.ts
FN:7,(anonymous_0)
FN:11,(anonymous_1)
FNF:2
FNH:2
FNDA:2,(anonymous_0)
FNDA:2,(anonymous_1)
DA:4,1
DA:8,2
DA:12,2
DA:14,2
DA:20,2
DA:21,2
DA:26,2
DA:27,1
DA:30,1
DA:32,1
DA:33,1
LF:11
LH:11
BRDA:11,0,0,2
BRDA:16,1,0,2
BRDA:16,1,1,1
BRDA:26,2,0,1
BRDA:26,2,1,1
BRF:5
BRH:5
end_of_record
TN:
SF:utils/performance.ts
FN:9,throttle
FN:16,throttled
FN:28,(anonymous_2)
FNF:3
FNH:0
FNDA:0,throttle
FNDA:0,throttled
FNDA:0,(anonymous_2)
DA:13,0
DA:14,0
DA:16,0
DA:17,0
DA:18,0
DA:20,0
DA:21,0
DA:22,0
DA:23,0
DA:25,0
DA:26,0
DA:27,0
DA:28,0
DA:29,0
DA:30,0
DA:31,0
LF:16
LH:0
BRDA:20,0,0,0
BRDA:20,0,1,0
BRDA:20,1,0,0
BRDA:20,1,1,0
BRDA:21,2,0,0
BRDA:21,2,1,0
BRDA:27,3,0,0
BRDA:27,3,1,0
BRF:8
BRH:0
end_of_record
